2020-03-04 01:54:09 +0000  Initial pipeline context: <IDEDistributionProcessingPipelineContext: 0x7fcbbc476a20; archive(resolved)='<IDEArchive: 0x7fcb8dde6a70>', distributionTask(resolved)='2', distributionDestination(resolved)='1', distributionMethod(resolved)='<IDEDistributionMethodAdHoc: 0x7fcb907cb1c0>', team(resolved)='<IDEProvisioningDisambiguatableBasicTeam: 0x7fcbbc4bb920; teamID='GJ4VL85M58', teamName='Dongying Pioneer Information Technology Service Co., Ltd', teamType='Company', username='2669008386@qq.com', isFreeProvisioningTeam='0'>'>
	Chain (13, self inclusive):
	<IDEDistributionProcessingPipelineContext: 0x7fcbbc476a20; archive = '<IDEArchive: 0x7fcb8dde6a70>', distributionMethod='<IDEDistributionMethodAdHoc: 0x7fcb907cb1c0>', team='<IDEProvisioningDisambiguatableBasicTeam: 0x7fcbbc4bb920; teamID='GJ4VL85M58', teamName='Dongying Pioneer Information Technology Service Co., Ltd', teamType='Company', username='2669008386@qq.com', isFreeProvisioningTeam='0'>'>
	<IDEDistributionProcessingPipelineContext: 0x7fcbbc4d3c50; archive = '<IDEArchive: 0x7fcb8dde6a70>', distributionMethod='<IDEDistributionMethodAdHoc: 0x7fcb907cb1c0>', team='<IDEProvisioningDisambiguatableBasicTeam: 0x7fcbbc4bb920; teamID='GJ4VL85M58', teamName='Dongying Pioneer Information Technology Service Co., Ltd', teamType='Company', username='2669008386@qq.com', isFreeProvisioningTeam='0'>'>
	<IDEDistributionContext: 0x7fcbbb7c93b0; archive = '<IDEArchive: 0x7fcb8dde6a70>', distributionMethod='<IDEDistributionMethodAdHoc: 0x7fcb907cb1c0>', team='<IDEProvisioningDisambiguatableBasicTeam: 0x7fcbbc4bb920; teamID='GJ4VL85M58', teamName='Dongying Pioneer Information Technology Service Co., Ltd', teamType='Company', username='2669008386@qq.com', isFreeProvisioningTeam='0'>'>
	<IDEDistributionContext: 0x7fcba2de2590; archive = '<IDEArchive: 0x7fcb8dde6a70>', distributionMethod='<IDEDistributionMethodAdHoc: 0x7fcb907cb1c0>', team='<IDEProvisioningDisambiguatableBasicTeam: 0x7fcbbc4bb920; teamID='GJ4VL85M58', teamName='Dongying Pioneer Information Technology Service Co., Ltd', teamType='Company', username='2669008386@qq.com', isFreeProvisioningTeam='0'>'>
	<IDEDistributionContext: 0x7fcba2d3c4e0; archive = '<IDEArchive: 0x7fcb8dde6a70>', distributionMethod='<IDEDistributionMethodAdHoc: 0x7fcb907cb1c0>', team='<IDEProvisioningDisambiguatableBasicTeam: 0x7fcbbc4bb920; teamID='GJ4VL85M58', teamName='Dongying Pioneer Information Technology Service Co., Ltd', teamType='Company', username='2669008386@qq.com', isFreeProvisioningTeam='0'>'>
	<IDEDistributionContext: 0x7fcbb82cc310; archive = '<IDEArchive: 0x7fcb8dde6a70>', distributionMethod='<IDEDistributionMethodAdHoc: 0x7fcb907cb1c0>', team='<IDEProvisioningDisambiguatableBasicTeam: 0x7fcbbc4bb920; teamID='GJ4VL85M58', teamName='Dongying Pioneer Information Technology Service Co., Ltd', teamType='Company', username='2669008386@qq.com', isFreeProvisioningTeam='0'>'>
	<IDEDistributionContext: 0x7fcb8dbaa190; archive = '<IDEArchive: 0x7fcb8dde6a70>', distributionMethod='<IDEDistributionMethodAdHoc: 0x7fcb907cb1c0>', team='<IDEProvisioningDisambiguatableBasicTeam: 0x7fcbbc4bb920; teamID='GJ4VL85M58', teamName='Dongying Pioneer Information Technology Service Co., Ltd', teamType='Company', username='2669008386@qq.com', isFreeProvisioningTeam='0'>'>
	<IDEDistributionContext: 0x7fcb8db27010; archive = '<IDEArchive: 0x7fcb8dde6a70>', distributionMethod='<IDEDistributionMethodAdHoc: 0x7fcb907cb1c0>', team='<IDEProvisioningDisambiguatableBasicTeam: 0x7fcbbc4bb920; teamID='GJ4VL85M58', teamName='Dongying Pioneer Information Technology Service Co., Ltd', teamType='Company', username='2669008386@qq.com', isFreeProvisioningTeam='0'>'>
	<IDEDistributionContext: 0x7fcba346e030; archive = '<IDEArchive: 0x7fcb8dde6a70>', distributionMethod='<IDEDistributionMethodAdHoc: 0x7fcb907cb1c0>', team='<IDEProvisioningDisambiguatableBasicTeam: 0x7fcbbc4bb920; teamID='GJ4VL85M58', teamName='Dongying Pioneer Information Technology Service Co., Ltd', teamType='Company', username='2669008386@qq.com', isFreeProvisioningTeam='0'>'>
	<IDEDistributionContext: 0x7fcba878b150; archive = '<IDEArchive: 0x7fcb8dde6a70>', distributionMethod='<IDEDistributionMethodAdHoc: 0x7fcb907cb1c0>', team='(null)'>
	<IDEDistributionContext: 0x7fcba7777a30; archive = '<IDEArchive: 0x7fcb8dde6a70>', distributionMethod='<IDEDistributionMethodAdHoc: 0x7fcb907cb1c0>', team='(null)'>
	<IDEDistributionContext: 0x7fcb8d99dfc0; archive = '<IDEArchive: 0x7fcb8dde6a70>', distributionMethod='<IDEDistributionMethodAdHoc: 0x7fcb907cb1c0>', team='(null)'>
	<IDEDistributionContext: 0x7fcbaa2f9f20; archive = '<IDEArchive: 0x7fcb8dde6a70>', distributionMethod='(null)', team='(null)'>
</IDEDistributionProcessingPipelineContext: 0x7fcbbc476a20>
2020-03-04 01:54:09 +0000  Processing step: IDEDistributionCreateDestRootStep
2020-03-04 01:54:09 +0000  Processing step: IDEDistributionCopyItemStep
2020-03-04 01:54:09 +0000  Running /usr/bin/ditto '-V' '/Users/duweiguo/Library/Developer/Xcode/Archives/2020-03-04/JYApp 2020-3-4, 9.17 AM.xcarchive/Products/Applications/云风车.app' '/var/folders/p8/khfnhkwj63zd_w9b8nc_0swh0000gn/T/XcodeDistPipeline.~~~DSR1Lx/Root/Payload/云风车.app'
2020-03-04 01:54:09 +0000  >>> Copying /Users/duweiguo/Library/Developer/Xcode/Archives/2020-03-04/JYApp 2020-3-4, 9.17 AM.xcarchive/Products/Applications/云风车.app 
2020-03-04 01:54:09 +0000  copying file ./_CodeSignature/CodeResources ... 
2020-03-04 01:54:09 +0000  80906 bytes for ./_CodeSignature/CodeResources
2020-03-04 01:54:09 +0000  copying file ./ddlog_check_icon_normal@2x.png ... 
2020-03-04 01:54:09 +0000  563 bytes for ./ddlog_check_icon_normal@2x.png
copying file ./LaunchImage-1100-Portrait-2436h@3x.png ... 
2020-03-04 01:54:09 +0000  3228789 bytes for ./LaunchImage-1100-Portrait-2436h@3x.png
2020-03-04 01:54:09 +0000  copying file ./AppIcon20x20@2x.png ... 
3778 bytes for ./AppIcon20x20@2x.png
copying file ./ddlog_check_icon_selected@3x.png ... 
2020-03-04 01:54:09 +0000  1236 bytes for ./ddlog_check_icon_selected@3x.png
2020-03-04 01:54:09 +0000  copying file ./AlipaySDK.bundle/shutdown@2x.png ... 
2020-03-04 01:54:09 +0000  222 bytes for ./AlipaySDK.bundle/shutdown@2x.png
2020-03-04 01:54:09 +0000  copying file ./AlipaySDK.bundle/refresh@2x.png ... 
2020-03-04 01:54:09 +0000  605 bytes for ./AlipaySDK.bundle/refresh@2x.png
2020-03-04 01:54:09 +0000  copying file ./AlipaySDK.bundle/refresh_click@2x.png ... 
2020-03-04 01:54:09 +0000  1824 bytes for ./AlipaySDK.bundle/refresh_click@2x.png
copying file ./AlipaySDK.bundle/shutdown_click@2x.png ... 
2020-03-04 01:54:09 +0000  1319 bytes for ./AlipaySDK.bundle/shutdown_click@2x.png
copying file ./AlipaySDK.bundle/bridge.js ... 
2020-03-04 01:54:09 +0000  1790 bytes for ./AlipaySDK.bundle/bridge.js
2020-03-04 01:54:09 +0000  copying file ./AlipaySDK.bundle/bar@2x.png ... 
2020-03-04 01:54:09 +0000  1011 bytes for ./AlipaySDK.bundle/bar@2x.png
copying file ./AlipaySDK.bundle/alipay_msp_refresh@2x.png ... 
2020-03-04 01:54:09 +0000  663 bytes for ./AlipaySDK.bundle/alipay_msp_refresh@2x.png
copying file ./AlipaySDK.bundle/alipay_msp_back@2x.png ... 
2020-03-04 01:54:09 +0000  409 bytes for ./AlipaySDK.bundle/alipay_msp_back@2x.png
2020-03-04 01:54:09 +0000  copying file ./search_dark_icon@2x.png ... 
2020-03-04 01:54:09 +0000  963 bytes for ./search_dark_icon@2x.png
copying file ./5_1280x800.jpeg ... 
2020-03-04 01:54:09 +0000  115785 bytes for ./5_1280x800.jpeg
2020-03-04 01:54:09 +0000  copying file ./index.html ... 
2020-03-04 01:54:09 +0000  343 bytes for ./index.html
copying file ./choose_school_icon@2x.png ... 
2020-03-04 01:54:09 +0000  80918 bytes for ./choose_school_icon@2x.png
2020-03-04 01:54:09 +0000  copying file ./ddlog_check_icon_selected@2x.png ... 
2020-03-04 01:54:09 +0000  1000 bytes for ./ddlog_check_icon_selected@2x.png
copying file ./AppIcon20x20@3x.png ... 
2020-03-04 01:54:09 +0000  6185 bytes for ./AppIcon20x20@3x.png
2020-03-04 01:54:09 +0000  copying file ./1_1280x800.jpeg ... 
2020-03-04 01:54:09 +0000  181407 bytes for ./1_1280x800.jpeg
2020-03-04 01:54:09 +0000  copying file ./sr_refresh.png ... 
2020-03-04 01:54:09 +0000  564 bytes for ./sr_refresh.png
copying file ./ddlog_check_icon_normal@3x.png ... 
2020-03-04 01:54:09 +0000  1007 bytes for ./ddlog_check_icon_normal@3x.png
2020-03-04 01:54:09 +0000  copying file ./云风车 ... 
2020-03-04 01:54:09 +0000  121126528 bytes for ./云风车
2020-03-04 01:54:09 +0000  copying file ./MJRefresh.bundle/zh-Hans.lproj/Localizable.strings ... 
2020-03-04 01:54:09 +0000  1194 bytes for ./MJRefresh.bundle/zh-Hans.lproj/Localizable.strings
2020-03-04 01:54:09 +0000  copying file ./MJRefresh.bundle/en.lproj/Localizable.strings ... 
2020-03-04 01:54:09 +0000  1374 bytes for ./MJRefresh.bundle/en.lproj/Localizable.strings
2020-03-04 01:54:09 +0000  copying file ./MJRefresh.bundle/uk.lproj/Localizable.strings ... 
2020-03-04 01:54:09 +0000  1534 bytes for ./MJRefresh.bundle/uk.lproj/Localizable.strings
2020-03-04 01:54:09 +0000  copying file ./MJRefresh.bundle/arrow@2x.png ... 
2020-03-04 01:54:09 +0000  1033 bytes for ./MJRefresh.bundle/arrow@2x.png
2020-03-04 01:54:09 +0000  copying file ./MJRefresh.bundle/ko.lproj/Localizable.strings ... 
2020-03-04 01:54:09 +0000  771 bytes for ./MJRefresh.bundle/ko.lproj/Localizable.strings
2020-03-04 01:54:09 +0000  copying file ./MJRefresh.bundle/zh-Hant.lproj/Localizable.strings ... 
2020-03-04 01:54:09 +0000  773 bytes for ./MJRefresh.bundle/zh-Hant.lproj/Localizable.strings
2020-03-04 01:54:09 +0000  copying file ./MJRefresh.bundle/ru.lproj/Localizable.strings ... 
2020-03-04 01:54:09 +0000  1502 bytes for ./MJRefresh.bundle/ru.lproj/Localizable.strings
2020-03-04 01:54:09 +0000  copying file ./UMSocialSDKResources.bundle/UMSocialWaterMark/umsocial_defaultwatermark.png ... 
2020-03-04 01:54:09 +0000  3003 bytes for ./UMSocialSDKResources.bundle/UMSocialWaterMark/umsocial_defaultwatermark.png
2020-03-04 01:54:09 +0000  copying file ./UMSocialSDKResources.bundle/zh-Hans.lproj/UMSocialLocalizable.strings ... 
2020-03-04 01:54:09 +0000  6740 bytes for ./UMSocialSDKResources.bundle/zh-Hans.lproj/UMSocialLocalizable.strings
2020-03-04 01:54:09 +0000  copying file ./UMSocialSDKResources.bundle/en.lproj/UMSocialLocalizable.strings ... 
2020-03-04 01:54:09 +0000  6554 bytes for ./UMSocialSDKResources.bundle/en.lproj/UMSocialLocalizable.strings
2020-03-04 01:54:09 +0000  copying file ./UMSocialSDKResources.bundle/Buttons/UMS_nav_button_close@2x.png ... 
2020-03-04 01:54:09 +0000  500 bytes for ./UMSocialSDKResources.bundle/Buttons/UMS_nav_button_close@2x.png
2020-03-04 01:54:09 +0000  copying file ./UMSocialSDKResources.bundle/Buttons/UMS_url_image@2x.png ... 
2020-03-04 01:54:09 +0000  1562 bytes for ./UMSocialSDKResources.bundle/Buttons/UMS_url_image@2x.png
2020-03-04 01:54:09 +0000  copying file ./UMSocialSDKResources.bundle/Buttons/UMS_url_music@2x.png ... 
2020-03-04 01:54:09 +0000  1771 bytes for ./UMSocialSDKResources.bundle/Buttons/UMS_url_music@2x.png
2020-03-04 01:54:09 +0000  copying file ./UMSocialSDKResources.bundle/Buttons/UMS_add_friend_off@2x.png ... 
2020-03-04 01:54:09 +0000  134 bytes for ./UMSocialSDKResources.bundle/Buttons/UMS_add_friend_off@2x.png
2020-03-04 01:54:09 +0000  copying file ./UMSocialSDKResources.bundle/Buttons/UMS_delete_image_button_normal@2x.png ... 
2020-03-04 01:54:09 +0000  891 bytes for ./UMSocialSDKResources.bundle/Buttons/UMS_delete_image_button_normal@2x.png
2020-03-04 01:54:09 +0000  copying file ./UMSocialSDKResources.bundle/Buttons/UMS_nav_button_send@2x.png ... 
2020-03-04 01:54:09 +0000  1624 bytes for ./UMSocialSDKResources.bundle/Buttons/UMS_nav_button_send@2x.png
2020-03-04 01:54:09 +0000  copying file ./UMSocialSDKResources.bundle/Buttons/UMS_url_video@2x.png ... 
2020-03-04 01:54:09 +0000  2062 bytes for ./UMSocialSDKResources.bundle/Buttons/UMS_url_video@2x.png
2020-03-04 01:54:09 +0000  copying file ./UMSocialSDKResources.bundle/UMSocialPlatformTheme/default/umsocial_renren.png ... 
2020-03-04 01:54:09 +0000  1529 bytes for ./UMSocialSDKResources.bundle/UMSocialPlatformTheme/default/umsocial_renren.png
2020-03-04 01:54:09 +0000  copying file ./UMSocialSDKResources.bundle/UMSocialPlatformTheme/default/umsocial_default.png ... 
2020-03-04 01:54:09 +0000  4203 bytes for ./UMSocialSDKResources.bundle/UMSocialPlatformTheme/default/umsocial_default.png
copying file ./UMSocialSDKResources.bundle/UMSocialPlatformTheme/default/umsocial_pinterest.png ... 
2020-03-04 01:54:09 +0000  1987 bytes for ./UMSocialSDKResources.bundle/UMSocialPlatformTheme/default/umsocial_pinterest.png
copying file ./UMSocialSDKResources.bundle/UMSocialPlatformTheme/default/umsocial_alipay.png ... 
2020-03-04 01:54:09 +0000  1370 bytes for ./UMSocialSDKResources.bundle/UMSocialPlatformTheme/default/umsocial_alipay.png
copying file ./UMSocialSDKResources.bundle/UMSocialPlatformTheme/default/umsocial_yixin_session.png ... 
2020-03-04 01:54:09 +0000  1833 bytes for ./UMSocialSDKResources.bundle/UMSocialPlatformTheme/default/umsocial_yixin_session.png
copying file ./UMSocialSDKResources.bundle/UMSocialPlatformTheme/default/umsocial_vkontakte.png ... 
2020-03-04 01:54:09 +0000  1867 bytes for ./UMSocialSDKResources.bundle/UMSocialPlatformTheme/default/umsocial_vkontakte.png
2020-03-04 01:54:09 +0000  copying file ./UMSocialSDKResources.bundle/UMSocialPlatformTheme/default/umsocial_tim.png ... 
2020-03-04 01:54:09 +0000  2597 bytes for ./UMSocialSDKResources.bundle/UMSocialPlatformTheme/default/umsocial_tim.png
2020-03-04 01:54:09 +0000  copying file ./UMSocialSDKResources.bundle/UMSocialPlatformTheme/default/umsocial_lw_session.png ... 
2020-03-04 01:54:09 +0000  2391 bytes for ./UMSocialSDKResources.bundle/UMSocialPlatformTheme/default/umsocial_lw_session.png
2020-03-04 01:54:09 +0000  copying file ./UMSocialSDKResources.bundle/UMSocialPlatformTheme/default/umsocial_linkedin.png ... 
2020-03-04 01:54:09 +0000  1637 bytes for ./UMSocialSDKResources.bundle/UMSocialPlatformTheme/default/umsocial_linkedin.png
2020-03-04 01:54:09 +0000  copying file ./UMSocialSDKResources.bundle/UMSocialPlatformTheme/default/umsocial_yixin_favorite.png ... 
2020-03-04 01:54:09 +0000  4145 bytes for ./UMSocialSDKResources.bundle/UMSocialPlatformTheme/default/umsocial_yixin_favorite.png
2020-03-04 01:54:09 +0000  copying file ./UMSocialSDKResources.bundle/UMSocialPlatformTheme/default/umsocial_youdaonote.png ... 
2020-03-04 01:54:09 +0000  1158 bytes for ./UMSocialSDKResources.bundle/UMSocialPlatformTheme/default/umsocial_youdaonote.png
2020-03-04 01:54:09 +0000  copying file ./UMSocialSDKResources.bundle/UMSocialPlatformTheme/default/umsocial_flickr.png ... 
2020-03-04 01:54:09 +0000  979 bytes for ./UMSocialSDKResources.bundle/UMSocialPlatformTheme/default/umsocial_flickr.png
2020-03-04 01:54:09 +0000  copying file ./UMSocialSDKResources.bundle/UMSocialPlatformTheme/default/umsocial_line.png ... 
2020-03-04 01:54:09 +0000  1720 bytes for ./UMSocialSDKResources.bundle/UMSocialPlatformTheme/default/umsocial_line.png
2020-03-04 01:54:09 +0000  copying file ./UMSocialSDKResources.bundle/UMSocialPlatformTheme/default/umsocial_email.png ... 
2020-03-04 01:54:09 +0000  1211 bytes for ./UMSocialSDKResources.bundle/UMSocialPlatformTheme/default/umsocial_email.png
2020-03-04 01:54:09 +0000  copying file ./UMSocialSDKResources.bundle/UMSocialPlatformTheme/default/umsocial_sms.png ... 
2020-03-04 01:54:09 +0000  1127 bytes for ./UMSocialSDKResources.bundle/UMSocialPlatformTheme/default/umsocial_sms.png
2020-03-04 01:54:09 +0000  copying file ./UMSocialSDKResources.bundle/UMSocialPlatformTheme/default/umsocial_evernote.png ... 
2020-03-04 01:54:09 +0000  1267 bytes for ./UMSocialSDKResources.bundle/UMSocialPlatformTheme/default/umsocial_evernote.png
2020-03-04 01:54:09 +0000  copying file ./UMSocialSDKResources.bundle/UMSocialPlatformTheme/default/umsocial_twitter.png ... 
2020-03-04 01:54:09 +0000  1442 bytes for ./UMSocialSDKResources.bundle/UMSocialPlatformTheme/default/umsocial_twitter.png
copying file ./UMSocialSDKResources.bundle/UMSocialPlatformTheme/default/umsocial_whatsapp.png ... 
2020-03-04 01:54:09 +0000  1832 bytes for ./UMSocialSDKResources.bundle/UMSocialPlatformTheme/default/umsocial_whatsapp.png
2020-03-04 01:54:09 +0000  copying file ./UMSocialSDKResources.bundle/UMSocialPlatformTheme/default/umsocial_googleplus.png ... 
2020-03-04 01:54:09 +0000  2320 bytes for ./UMSocialSDKResources.bundle/UMSocialPlatformTheme/default/umsocial_googleplus.png
2020-03-04 01:54:09 +0000  copying file ./UMSocialSDKResources.bundle/UMSocialPlatformTheme/default/umsocial_douban.png ... 
2020-03-04 01:54:09 +0000  813 bytes for ./UMSocialSDKResources.bundle/UMSocialPlatformTheme/default/umsocial_douban.png
2020-03-04 01:54:09 +0000  copying file ./UMSocialSDKResources.bundle/UMSocialPlatformTheme/default/umsocial_lw_timeline.png ... 
2020-03-04 01:54:09 +0000  1139 bytes for ./UMSocialSDKResources.bundle/UMSocialPlatformTheme/default/umsocial_lw_timeline.png
2020-03-04 01:54:09 +0000  copying file ./UMSocialSDKResources.bundle/UMSocialPlatformTheme/default/umsocial_facebook.png ... 
2020-03-04 01:54:09 +0000  1468 bytes for ./UMSocialSDKResources.bundle/UMSocialPlatformTheme/default/umsocial_facebook.png
2020-03-04 01:54:09 +0000  copying file ./UMSocialSDKResources.bundle/UMSocialPlatformTheme/default/umsocial_dingding.png ... 
2020-03-04 01:54:09 +0000  1390 bytes for ./UMSocialSDKResources.bundle/UMSocialPlatformTheme/default/umsocial_dingding.png
2020-03-04 01:54:09 +0000  copying file ./UMSocialSDKResources.bundle/UMSocialPlatformTheme/default/umsocial_wechat.png ... 
2020-03-04 01:54:09 +0000  1628 bytes for ./UMSocialSDKResources.bundle/UMSocialPlatformTheme/default/umsocial_wechat.png
2020-03-04 01:54:09 +0000  copying file ./UMSocialSDKResources.bundle/UMSocialPlatformTheme/default/umsocial_yixin_timeline.png ... 
2020-03-04 01:54:09 +0000  2199 bytes for ./UMSocialSDKResources.bundle/UMSocialPlatformTheme/default/umsocial_yixin_timeline.png
2020-03-04 01:54:09 +0000  copying file ./UMSocialSDKResources.bundle/UMSocialPlatformTheme/default/umsocial_dropbox.png ... 
2020-03-04 01:54:09 +0000  1692 bytes for ./UMSocialSDKResources.bundle/UMSocialPlatformTheme/default/umsocial_dropbox.png
2020-03-04 01:54:09 +0000  copying file ./UMSocialSDKResources.bundle/UMSocialPlatformTheme/default/umsocial_pocket.png ... 
2020-03-04 01:54:09 +0000  1405 bytes for ./UMSocialSDKResources.bundle/UMSocialPlatformTheme/default/umsocial_pocket.png
2020-03-04 01:54:09 +0000  copying file ./UMSocialSDKResources.bundle/UMSocialPlatformTheme/default/umsocial_wechat_timeline.png ... 
2020-03-04 01:54:09 +0000  1506 bytes for ./UMSocialSDKResources.bundle/UMSocialPlatformTheme/default/umsocial_wechat_timeline.png
copying file ./UMSocialSDKResources.bundle/UMSocialPlatformTheme/default/umsocial_tencentWB.png ... 
2020-03-04 01:54:09 +0000  1943 bytes for ./UMSocialSDKResources.bundle/UMSocialPlatformTheme/default/umsocial_tencentWB.png
2020-03-04 01:54:09 +0000  copying file ./UMSocialSDKResources.bundle/UMSocialPlatformTheme/default/umsocial_wechat_favorite.png ... 
2020-03-04 01:54:09 +0000  1179 bytes for ./UMSocialSDKResources.bundle/UMSocialPlatformTheme/default/umsocial_wechat_favorite.png
2020-03-04 01:54:09 +0000  copying file ./UMSocialSDKResources.bundle/UMSocialPlatformTheme/default/umsocial_sina.png ... 
2020-03-04 01:54:09 +0000  2581 bytes for ./UMSocialSDKResources.bundle/UMSocialPlatformTheme/default/umsocial_sina.png
2020-03-04 01:54:09 +0000  copying file ./UMSocialSDKResources.bundle/UMSocialPlatformTheme/default/umsocial_tumblr.png ... 
2020-03-04 01:54:09 +0000  1564 bytes for ./UMSocialSDKResources.bundle/UMSocialPlatformTheme/default/umsocial_tumblr.png
2020-03-04 01:54:09 +0000  copying file ./UMSocialSDKResources.bundle/UMSocialPlatformTheme/default/umsocial_kakaoTalk.png ... 
2020-03-04 01:54:09 +0000  1893 bytes for ./UMSocialSDKResources.bundle/UMSocialPlatformTheme/default/umsocial_kakaoTalk.png
2020-03-04 01:54:09 +0000  copying file ./UMSocialSDKResources.bundle/UMSocialPlatformTheme/default/umsocial_facebookmessenger.png ... 
2020-03-04 01:54:09 +0000  1749 bytes for ./UMSocialSDKResources.bundle/UMSocialPlatformTheme/default/umsocial_facebookmessenger.png
2020-03-04 01:54:09 +0000  copying file ./UMSocialSDKResources.bundle/UMSocialPlatformTheme/default/umsocial_qzone.png ... 
2020-03-04 01:54:09 +0000  2083 bytes for ./UMSocialSDKResources.bundle/UMSocialPlatformTheme/default/umsocial_qzone.png
2020-03-04 01:54:09 +0000  copying file ./UMSocialSDKResources.bundle/UMSocialPlatformTheme/default/umsocial_qq.png ... 
2020-03-04 01:54:09 +0000  3505 bytes for ./UMSocialSDKResources.bundle/UMSocialPlatformTheme/default/umsocial_qq.png
2020-03-04 01:54:09 +0000  copying file ./UMSocialSDKResources.bundle/UMSocialPlatformTheme/default/umsocial_instagram.png ... 
2020-03-04 01:54:09 +0000  1952 bytes for ./UMSocialSDKResources.bundle/UMSocialPlatformTheme/default/umsocial_instagram.png
2020-03-04 01:54:09 +0000  copying file ./choose_parent_icon@2x.png ... 
2020-03-04 01:54:09 +0000  210351 bytes for ./choose_parent_icon@2x.png
2020-03-04 01:54:09 +0000  copying file ./AppIcon60x60@2x.png ... 
2020-03-04 01:54:09 +0000  16912 bytes for ./AppIcon60x60@2x.png
copying file ./education_num@2x.png ... 
2020-03-04 01:54:09 +0000  339 bytes for ./education_num@2x.png
2020-03-04 01:54:09 +0000  copying file ./IQKeyboardManager.bundle/Assets.car ... 
2020-03-04 01:54:09 +0000  60912 bytes for ./IQKeyboardManager.bundle/Assets.car
copying file ./IQKeyboardManager.bundle/Info.plist ... 
2020-03-04 01:54:09 +0000  733 bytes for ./IQKeyboardManager.bundle/Info.plist
2020-03-04 01:54:09 +0000  copying file ./ChartNew.min.js ... 
2020-03-04 01:54:09 +0000  120125 bytes for ./ChartNew.min.js
2020-03-04 01:54:09 +0000  copying file ./AppIcon29x29@2x.png ... 
2020-03-04 01:54:09 +0000  5890 bytes for ./AppIcon29x29@2x.png
copying file ./AppIcon40x40@3x.png ... 
2020-03-04 01:54:09 +0000  16912 bytes for ./AppIcon40x40@3x.png
2020-03-04 01:54:09 +0000  copying file ./AppIcon29x29~ipad.png ... 
2020-03-04 01:54:09 +0000  2756 bytes for ./AppIcon29x29~ipad.png
2020-03-04 01:54:09 +0000  copying file ./user_progress_icon@2x.png ... 
2020-03-04 01:54:09 +0000  5168 bytes for ./user_progress_icon@2x.png
2020-03-04 01:54:09 +0000  copying file ./AppIcon40x40@2x.png ... 
2020-03-04 01:54:09 +0000  9289 bytes for ./AppIcon40x40@2x.png
2020-03-04 01:54:09 +0000  copying file ./near_address_icon@2x.png ... 
2020-03-04 01:54:09 +0000  3023 bytes for ./near_address_icon@2x.png
2020-03-04 01:54:09 +0000  copying file ./DDLogListTableViewCell.nib/objects-13.0+.nib ... 
2020-03-04 01:54:09 +0000  3659 bytes for ./DDLogListTableViewCell.nib/objects-13.0+.nib
2020-03-04 01:54:09 +0000  copying file ./DDLogListTableViewCell.nib/runtime.nib ... 
2020-03-04 01:54:09 +0000  3660 bytes for ./DDLogListTableViewCell.nib/runtime.nib
2020-03-04 01:54:09 +0000  copying file ./LaunchImage-1200-Portrait-2688h@3x.png ... 
2020-03-04 01:54:09 +0000  3776239 bytes for ./LaunchImage-1200-Portrait-2688h@3x.png
2020-03-04 01:54:09 +0000  copying file ./AppIcon29x29@3x.png ... 
10484 bytes for ./AppIcon29x29@3x.png
copying file ./AppIcon60x60@3x.png ... 
26924 bytes for ./AppIcon60x60@3x.png
2020-03-04 01:54:09 +0000  copying file ./Base.lproj/Main.storyboardc/UIViewController-BYZ-38-t0r.nib/objects-13.0+.nib ... 
2020-03-04 01:54:09 +0000  916 bytes for ./Base.lproj/Main.storyboardc/UIViewController-BYZ-38-t0r.nib/objects-13.0+.nib
2020-03-04 01:54:09 +0000  copying file ./Base.lproj/Main.storyboardc/UIViewController-BYZ-38-t0r.nib/runtime.nib ... 
2020-03-04 01:54:09 +0000  916 bytes for ./Base.lproj/Main.storyboardc/UIViewController-BYZ-38-t0r.nib/runtime.nib
2020-03-04 01:54:09 +0000  copying file ./Base.lproj/Main.storyboardc/BYZ-38-t0r-view-8bC-Xf-vdC.nib/objects-13.0+.nib ... 
2020-03-04 01:54:09 +0000  1858 bytes for ./Base.lproj/Main.storyboardc/BYZ-38-t0r-view-8bC-Xf-vdC.nib/objects-13.0+.nib
2020-03-04 01:54:09 +0000  copying file ./Base.lproj/Main.storyboardc/BYZ-38-t0r-view-8bC-Xf-vdC.nib/runtime.nib ... 
2020-03-04 01:54:09 +0000  1856 bytes for ./Base.lproj/Main.storyboardc/BYZ-38-t0r-view-8bC-Xf-vdC.nib/runtime.nib
2020-03-04 01:54:09 +0000  copying file ./Base.lproj/Main.storyboardc/Info.plist ... 
2020-03-04 01:54:09 +0000  258 bytes for ./Base.lproj/Main.storyboardc/Info.plist
2020-03-04 01:54:09 +0000  copying file ./Base.lproj/LaunchScreen.storyboardc/01J-lp-oVM-view-Ze5-6b-2t3.nib/objects-13.0+.nib ... 
2020-03-04 01:54:09 +0000  2338 bytes for ./Base.lproj/LaunchScreen.storyboardc/01J-lp-oVM-view-Ze5-6b-2t3.nib/objects-13.0+.nib
2020-03-04 01:54:09 +0000  copying file ./Base.lproj/LaunchScreen.storyboardc/01J-lp-oVM-view-Ze5-6b-2t3.nib/runtime.nib ... 
2020-03-04 01:54:09 +0000  2339 bytes for ./Base.lproj/LaunchScreen.storyboardc/01J-lp-oVM-view-Ze5-6b-2t3.nib/runtime.nib
2020-03-04 01:54:09 +0000  copying file ./Base.lproj/LaunchScreen.storyboardc/UIViewController-01J-lp-oVM.nib/objects-13.0+.nib ... 
2020-03-04 01:54:09 +0000  896 bytes for ./Base.lproj/LaunchScreen.storyboardc/UIViewController-01J-lp-oVM.nib/objects-13.0+.nib
2020-03-04 01:54:09 +0000  copying file ./Base.lproj/LaunchScreen.storyboardc/UIViewController-01J-lp-oVM.nib/runtime.nib ... 
2020-03-04 01:54:09 +0000  896 bytes for ./Base.lproj/LaunchScreen.storyboardc/UIViewController-01J-lp-oVM.nib/runtime.nib
2020-03-04 01:54:09 +0000  copying file ./Base.lproj/LaunchScreen.storyboardc/Info.plist ... 
2020-03-04 01:54:09 +0000  258 bytes for ./Base.lproj/LaunchScreen.storyboardc/Info.plist
2020-03-04 01:54:09 +0000  copying file ./DDLogListTableViewController.nib/objects-13.0+.nib ... 
2020-03-04 01:54:09 +0000  1521 bytes for ./DDLogListTableViewController.nib/objects-13.0+.nib
2020-03-04 01:54:09 +0000  copying file ./DDLogListTableViewController.nib/runtime.nib ... 
2020-03-04 01:54:09 +0000  1521 bytes for ./DDLogListTableViewController.nib/runtime.nib
2020-03-04 01:54:09 +0000  copying file ./education_time@2x.png ... 
2020-03-04 01:54:09 +0000  360 bytes for ./education_time@2x.png
2020-03-04 01:54:09 +0000  copying file ./SJVideoPlayer.bundle/sj_video_player_maxRate@2x.png ... 
2020-03-04 01:54:09 +0000  613 bytes for ./SJVideoPlayer.bundle/sj_video_player_maxRate@2x.png
2020-03-04 01:54:09 +0000  copying file ./SJVideoPlayer.bundle/sj_video_player_gif@3x.png ... 
2020-03-04 01:54:09 +0000  1707 bytes for ./SJVideoPlayer.bundle/sj_video_player_gif@3x.png
2020-03-04 01:54:09 +0000  copying file ./SJVideoPlayer.bundle/zh-Hans.lproj/Localizable.strings ... 
2020-03-04 01:54:09 +0000  4882 bytes for ./SJVideoPlayer.bundle/zh-Hans.lproj/Localizable.strings
2020-03-04 01:54:09 +0000  copying file ./SJVideoPlayer.bundle/sj_video_player_forward@2x.png ... 
2020-03-04 01:54:09 +0000  509 bytes for ./SJVideoPlayer.bundle/sj_video_player_forward@2x.png
2020-03-04 01:54:09 +0000  copying file ./SJVideoPlayer.bundle/battery_nub@2x.png ... 
2020-03-04 01:54:09 +0000  149 bytes for ./SJVideoPlayer.bundle/battery_nub@2x.png
2020-03-04 01:54:09 +0000  copying file ./SJVideoPlayer.bundle/battery_lightning@3x.png ... 
2020-03-04 01:54:09 +0000  677 bytes for ./SJVideoPlayer.bundle/battery_lightning@3x.png
2020-03-04 01:54:09 +0000  copying file ./SJVideoPlayer.bundle/sj_video_player_shrinkscreen@3x.png ... 
2020-03-04 01:54:09 +0000  193 bytes for ./SJVideoPlayer.bundle/sj_video_player_shrinkscreen@3x.png
2020-03-04 01:54:09 +0000  copying file ./SJVideoPlayer.bundle/sj_video_player_unlock@2x.png ... 
2020-03-04 01:54:09 +0000  1284 bytes for ./SJVideoPlayer.bundle/sj_video_player_unlock@2x.png
2020-03-04 01:54:09 +0000  copying file ./SJVideoPlayer.bundle/sj_video_player_replay@2x.png ... 
2020-03-04 01:54:09 +0000  1035 bytes for ./SJVideoPlayer.bundle/sj_video_player_replay@2x.png
2020-03-04 01:54:09 +0000  copying file ./SJVideoPlayer.bundle/en.lproj/Localizable.strings ... 
2020-03-04 01:54:09 +0000  5594 bytes for ./SJVideoPlayer.bundle/en.lproj/Localizable.strings
2020-03-04 01:54:09 +0000  copying file ./SJVideoPlayer.bundle/sj_export_finish@3x.png ... 
2020-03-04 01:54:09 +0000  724 bytes for ./SJVideoPlayer.bundle/sj_export_finish@3x.png
2020-03-04 01:54:09 +0000  copying file ./SJVideoPlayer.bundle/sj_export_finish@2x.png ... 
2020-03-04 01:54:09 +0000  529 bytes for ./SJVideoPlayer.bundle/sj_export_finish@2x.png
2020-03-04 01:54:09 +0000  copying file ./SJVideoPlayer.bundle/sj_video_player_replay@3x.png ... 
2020-03-04 01:54:09 +0000  1594 bytes for ./SJVideoPlayer.bundle/sj_video_player_replay@3x.png
2020-03-04 01:54:09 +0000  copying file ./SJVideoPlayer.bundle/sj_video_player_unlock@3x.png ... 
2020-03-04 01:54:09 +0000  1722 bytes for ./SJVideoPlayer.bundle/sj_video_player_unlock@3x.png
copying file ./SJVideoPlayer.bundle/sj_video_player_shrinkscreen@2x.png ... 
2020-03-04 01:54:09 +0000  180 bytes for ./SJVideoPlayer.bundle/sj_video_player_shrinkscreen@2x.png
2020-03-04 01:54:09 +0000  copying file ./SJVideoPlayer.bundle/battery_lightning@2x.png ... 
2020-03-04 01:54:09 +0000  514 bytes for ./SJVideoPlayer.bundle/battery_lightning@2x.png
2020-03-04 01:54:09 +0000  copying file ./SJVideoPlayer.bundle/battery_nub@3x.png ... 
2020-03-04 01:54:09 +0000  172 bytes for ./SJVideoPlayer.bundle/battery_nub@3x.png
2020-03-04 01:54:09 +0000  copying file ./SJVideoPlayer.bundle/sj_video_player_forward@3x.png ... 
2020-03-04 01:54:09 +0000  741 bytes for ./SJVideoPlayer.bundle/sj_video_player_forward@3x.png
2020-03-04 01:54:09 +0000  copying file ./SJVideoPlayer.bundle/sj_video_player_gif@2x.png ... 
2020-03-04 01:54:09 +0000  1299 bytes for ./SJVideoPlayer.bundle/sj_video_player_gif@2x.png
2020-03-04 01:54:09 +0000  copying file ./SJVideoPlayer.bundle/sj_video_player_maxRate@3x.png ... 
2020-03-04 01:54:09 +0000  901 bytes for ./SJVideoPlayer.bundle/sj_video_player_maxRate@3x.png
2020-03-04 01:54:09 +0000  copying file ./SJVideoPlayer.bundle/sj_video_player_pause@3x.png ... 
2020-03-04 01:54:09 +0000  255 bytes for ./SJVideoPlayer.bundle/sj_video_player_pause@3x.png
2020-03-04 01:54:09 +0000  copying file ./SJVideoPlayer.bundle/sj_video_player_finish_recording@3x.png ... 
2020-03-04 01:54:09 +0000  1254 bytes for ./SJVideoPlayer.bundle/sj_video_player_finish_recording@3x.png
2020-03-04 01:54:09 +0000  copying file ./SJVideoPlayer.bundle/sj_video_player_screenshot@3x.png ... 
2020-03-04 01:54:09 +0000  1881 bytes for ./SJVideoPlayer.bundle/sj_video_player_screenshot@3x.png
2020-03-04 01:54:09 +0000  copying file ./SJVideoPlayer.bundle/sj_video_player_lock@2x.png ... 
2020-03-04 01:54:09 +0000  1219 bytes for ./SJVideoPlayer.bundle/sj_video_player_lock@2x.png
2020-03-04 01:54:09 +0000  copying file ./SJVideoPlayer.bundle/sj_video_player_play@3x.png ... 
2020-03-04 01:54:09 +0000  580 bytes for ./SJVideoPlayer.bundle/sj_video_player_play@3x.png
2020-03-04 01:54:09 +0000  copying file ./SJVideoPlayer.bundle/sj_video_player_film_editing@2x.png ... 
2020-03-04 01:54:09 +0000  1515 bytes for ./SJVideoPlayer.bundle/sj_video_player_film_editing@2x.png
2020-03-04 01:54:09 +0000  copying file ./SJVideoPlayer.bundle/sj_video_player_back@2x.png ... 
2020-03-04 01:54:09 +0000  226 bytes for ./SJVideoPlayer.bundle/sj_video_player_back@2x.png
2020-03-04 01:54:09 +0000  copying file ./SJVideoPlayer.bundle/sj_video_player_back@3x.png ... 
2020-03-04 01:54:09 +0000  264 bytes for ./SJVideoPlayer.bundle/sj_video_player_back@3x.png
2020-03-04 01:54:09 +0000  copying file ./SJVideoPlayer.bundle/sj_video_player_film_editing@3x.png ... 
2020-03-04 01:54:09 +0000  2362 bytes for ./SJVideoPlayer.bundle/sj_video_player_film_editing@3x.png
2020-03-04 01:54:09 +0000  copying file ./SJVideoPlayer.bundle/sj_video_player_play@2x.png ... 
2020-03-04 01:54:09 +0000  446 bytes for ./SJVideoPlayer.bundle/sj_video_player_play@2x.png
2020-03-04 01:54:09 +0000  copying file ./SJVideoPlayer.bundle/sj_video_player_lock@3x.png ... 
2020-03-04 01:54:09 +0000  2227 bytes for ./SJVideoPlayer.bundle/sj_video_player_lock@3x.png
2020-03-04 01:54:09 +0000  copying file ./SJVideoPlayer.bundle/sj_video_player_screenshot@2x.png ... 
2020-03-04 01:54:09 +0000  1252 bytes for ./SJVideoPlayer.bundle/sj_video_player_screenshot@2x.png
2020-03-04 01:54:09 +0000  copying file ./SJVideoPlayer.bundle/sj_video_player_finish_recording@2x.png ... 
2020-03-04 01:54:09 +0000  934 bytes for ./SJVideoPlayer.bundle/sj_video_player_finish_recording@2x.png
2020-03-04 01:54:09 +0000  copying file ./SJVideoPlayer.bundle/sj_video_player_pause@2x.png ... 
2020-03-04 01:54:09 +0000  210 bytes for ./SJVideoPlayer.bundle/sj_video_player_pause@2x.png
2020-03-04 01:54:09 +0000  copying file ./SJVideoPlayer.bundle/zh-Hant.lproj/Localizable.strings ... 
2020-03-04 01:54:09 +0000  2892 bytes for ./SJVideoPlayer.bundle/zh-Hant.lproj/Localizable.strings
2020-03-04 01:54:09 +0000  copying file ./SJVideoPlayer.bundle/sj_video_player_minBrightness@2x.png ... 
2020-03-04 01:54:09 +0000  398 bytes for ./SJVideoPlayer.bundle/sj_video_player_minBrightness@2x.png
2020-03-04 01:54:09 +0000  copying file ./SJVideoPlayer.bundle/sj_video_player_minRate@2x.png ... 
2020-03-04 01:54:09 +0000  723 bytes for ./SJVideoPlayer.bundle/sj_video_player_minRate@2x.png
2020-03-04 01:54:09 +0000  copying file ./SJVideoPlayer.bundle/sj_export_waiting@2x.png ... 
2020-03-04 01:54:09 +0000  531 bytes for ./SJVideoPlayer.bundle/sj_export_waiting@2x.png
2020-03-04 01:54:09 +0000  copying file ./SJVideoPlayer.bundle/sj_video_player_fullscreen@2x.png ... 
2020-03-04 01:54:09 +0000  115 bytes for ./SJVideoPlayer.bundle/sj_video_player_fullscreen@2x.png
2020-03-04 01:54:09 +0000  copying file ./SJVideoPlayer.bundle/sj_video_player_fullscreen@3x.png ... 
2020-03-04 01:54:09 +0000  119 bytes for ./SJVideoPlayer.bundle/sj_video_player_fullscreen@3x.png
2020-03-04 01:54:09 +0000  copying file ./SJVideoPlayer.bundle/sj_export_waiting@3x.png ... 
2020-03-04 01:54:09 +0000  772 bytes for ./SJVideoPlayer.bundle/sj_export_waiting@3x.png
2020-03-04 01:54:09 +0000  copying file ./SJVideoPlayer.bundle/sj_video_player_minBrightness@3x.png ... 
2020-03-04 01:54:09 +0000  553 bytes for ./SJVideoPlayer.bundle/sj_video_player_minBrightness@3x.png
2020-03-04 01:54:09 +0000  copying file ./SJVideoPlayer.bundle/sj_video_player_minRate@3x.png ... 
2020-03-04 01:54:09 +0000  990 bytes for ./SJVideoPlayer.bundle/sj_video_player_minRate@3x.png
2020-03-04 01:54:09 +0000  copying file ./SJVideoPlayer.bundle/sj_video_player_fast@2x.png ... 
2020-03-04 01:54:09 +0000  624 bytes for ./SJVideoPlayer.bundle/sj_video_player_fast@2x.png
2020-03-04 01:54:09 +0000  copying file ./SJVideoPlayer.bundle/battery_border@2x.png ... 
2020-03-04 01:54:09 +0000  220 bytes for ./SJVideoPlayer.bundle/battery_border@2x.png
2020-03-04 01:54:09 +0000  copying file ./SJVideoPlayer.bundle/sj_video_player_more@3x.png ... 
2020-03-04 01:54:09 +0000  296 bytes for ./SJVideoPlayer.bundle/sj_video_player_more@3x.png
2020-03-04 01:54:09 +0000  copying file ./SJVideoPlayer.bundle/sj_video_player_maxBrightness@2x.png ... 
2020-03-04 01:54:09 +0000  548 bytes for ./SJVideoPlayer.bundle/sj_video_player_maxBrightness@2x.png
copying file ./SJVideoPlayer.bundle/sj_video_player_export@2x.png ... 
2020-03-04 01:54:09 +0000  1581 bytes for ./SJVideoPlayer.bundle/sj_video_player_export@2x.png
2020-03-04 01:54:09 +0000  copying file ./SJVideoPlayer.bundle/sj_video_player_minVolume@2x.png ... 
2020-03-04 01:54:09 +0000  339 bytes for ./SJVideoPlayer.bundle/sj_video_player_minVolume@2x.png
2020-03-04 01:54:09 +0000  copying file ./SJVideoPlayer.bundle/close@3x.png ... 
2020-03-04 01:54:09 +0000  2129 bytes for ./SJVideoPlayer.bundle/close@3x.png
2020-03-04 01:54:09 +0000  copying file ./SJVideoPlayer.bundle/sj_video_player_maxVolume@2x.png ... 
2020-03-04 01:54:09 +0000  523 bytes for ./SJVideoPlayer.bundle/sj_video_player_maxVolume@2x.png
2020-03-04 01:54:09 +0000  copying file ./SJVideoPlayer.bundle/sj_video_player_maxVolume@3x.png ... 
2020-03-04 01:54:09 +0000  699 bytes for ./SJVideoPlayer.bundle/sj_video_player_maxVolume@3x.png
copying file ./SJVideoPlayer.bundle/sj_video_player_minVolume@3x.png ... 
2020-03-04 01:54:09 +0000  389 bytes for ./SJVideoPlayer.bundle/sj_video_player_minVolume@3x.png
2020-03-04 01:54:09 +0000  copying file ./SJVideoPlayer.bundle/close@2x.png ... 
2020-03-04 01:54:09 +0000  1356 bytes for ./SJVideoPlayer.bundle/close@2x.png
copying file ./SJVideoPlayer.bundle/sj_video_player_export@3x.png ... 
2020-03-04 01:54:09 +0000  2195 bytes for ./SJVideoPlayer.bundle/sj_video_player_export@3x.png
2020-03-04 01:54:09 +0000  copying file ./SJVideoPlayer.bundle/sj_video_player_maxBrightness@3x.png ... 
2020-03-04 01:54:09 +0000  729 bytes for ./SJVideoPlayer.bundle/sj_video_player_maxBrightness@3x.png
2020-03-04 01:54:09 +0000  copying file ./SJVideoPlayer.bundle/battery_border@3x.png ... 
2020-03-04 01:54:09 +0000  276 bytes for ./SJVideoPlayer.bundle/battery_border@3x.png
2020-03-04 01:54:09 +0000  copying file ./SJVideoPlayer.bundle/sj_video_player_more@2x.png ... 
2020-03-04 01:54:09 +0000  174 bytes for ./SJVideoPlayer.bundle/sj_video_player_more@2x.png
2020-03-04 01:54:09 +0000  copying file ./SJVideoPlayer.bundle/sj_video_player_fast@3x.png ... 
2020-03-04 01:54:09 +0000  843 bytes for ./SJVideoPlayer.bundle/sj_video_player_fast@3x.png
2020-03-04 01:54:09 +0000  copying file ./SJBaseVideoPlayerResources.bundle/volume@3x.png ... 
2020-03-04 01:54:09 +0000  1086 bytes for ./SJBaseVideoPlayerResources.bundle/volume@3x.png
2020-03-04 01:54:09 +0000  copying file ./SJBaseVideoPlayerResources.bundle/volume@2x.png ... 
2020-03-04 01:54:09 +0000  727 bytes for ./SJBaseVideoPlayerResources.bundle/volume@2x.png
2020-03-04 01:54:09 +0000  copying file ./SJBaseVideoPlayerResources.bundle/brightness@3x.png ... 
2020-03-04 01:54:09 +0000  966 bytes for ./SJBaseVideoPlayerResources.bundle/brightness@3x.png
2020-03-04 01:54:09 +0000  copying file ./SJBaseVideoPlayerResources.bundle/brightness@2x.png ... 
2020-03-04 01:54:09 +0000  448 bytes for ./SJBaseVideoPlayerResources.bundle/brightness@2x.png
2020-03-04 01:54:09 +0000  copying file ./SJBaseVideoPlayerResources.bundle/mute@3x.png ... 
2020-03-04 01:54:09 +0000  822 bytes for ./SJBaseVideoPlayerResources.bundle/mute@3x.png
copying file ./SJBaseVideoPlayerResources.bundle/mute@2x.png ... 
2020-03-04 01:54:09 +0000  524 bytes for ./SJBaseVideoPlayerResources.bundle/mute@2x.png
2020-03-04 01:54:09 +0000  copying file ./AMap.bundle/images/purplePin@3x.png ... 
2020-03-04 01:54:09 +0000  2844 bytes for ./AMap.bundle/images/purplePin@3x.png
2020-03-04 01:54:09 +0000  copying file ./AMap.bundle/images/greenPin@3x.png ... 
2020-03-04 01:54:09 +0000  2844 bytes for ./AMap.bundle/images/greenPin@3x.png
2020-03-04 01:54:09 +0000  copying file ./AMap.bundle/images/greenPin_lift@3x.png ... 
2020-03-04 01:54:09 +0000  1401 bytes for ./AMap.bundle/images/greenPin_lift@3x.png
2020-03-04 01:54:09 +0000  copying file ./AMap.bundle/images/greenPin_lift@2x.png ... 
2020-03-04 01:54:09 +0000  960 bytes for ./AMap.bundle/images/greenPin_lift@2x.png
2020-03-04 01:54:09 +0000  copying file ./AMap.bundle/images/greenPin@2x.png ... 
2020-03-04 01:54:09 +0000  1893 bytes for ./AMap.bundle/images/greenPin@2x.png
2020-03-04 01:54:09 +0000  copying file ./AMap.bundle/images/purplePin@2x.png ... 
2020-03-04 01:54:09 +0000  1873 bytes for ./AMap.bundle/images/purplePin@2x.png
copying file ./AMap.bundle/images/pin_shadow.png ... 
2020-03-04 01:54:09 +0000  609 bytes for ./AMap.bundle/images/pin_shadow.png
2020-03-04 01:54:09 +0000  copying file ./AMap.bundle/images/greenPin.png ... 
2020-03-04 01:54:09 +0000  988 bytes for ./AMap.bundle/images/greenPin.png
2020-03-04 01:54:09 +0000  copying file ./AMap.bundle/images/purplePin_lift.png ... 
2020-03-04 01:54:09 +0000  418 bytes for ./AMap.bundle/images/purplePin_lift.png
copying file ./AMap.bundle/images/redPin_lift@3x.png ... 
2020-03-04 01:54:09 +0000  1405 bytes for ./AMap.bundle/images/redPin_lift@3x.png
2020-03-04 01:54:09 +0000  copying file ./AMap.bundle/images/redPin_lift.png ... 
2020-03-04 01:54:09 +0000  418 bytes for ./AMap.bundle/images/redPin_lift.png
2020-03-04 01:54:09 +0000  copying file ./AMap.bundle/images/purplePin.png ... 
2020-03-04 01:54:09 +0000  988 bytes for ./AMap.bundle/images/purplePin.png
2020-03-04 01:54:09 +0000  copying file ./AMap.bundle/images/redPin_lift@2x.png ... 
2020-03-04 01:54:09 +0000  955 bytes for ./AMap.bundle/images/redPin_lift@2x.png
2020-03-04 01:54:09 +0000  copying file ./AMap.bundle/images/pin_shadow@2x.png ... 
2020-03-04 01:54:09 +0000  1155 bytes for ./AMap.bundle/images/pin_shadow@2x.png
2020-03-04 01:54:09 +0000  copying file ./AMap.bundle/images/redPin@3x.png ... 
2020-03-04 01:54:09 +0000  2848 bytes for ./AMap.bundle/images/redPin@3x.png
2020-03-04 01:54:09 +0000  copying file ./AMap.bundle/images/purplePin_lift@2x.png ... 
2020-03-04 01:54:09 +0000  960 bytes for ./AMap.bundle/images/purplePin_lift@2x.png
2020-03-04 01:54:09 +0000  copying file ./AMap.bundle/images/purplePin_lift@3x.png ... 
2020-03-04 01:54:09 +0000  1406 bytes for ./AMap.bundle/images/purplePin_lift@3x.png
2020-03-04 01:54:09 +0000  copying file ./AMap.bundle/images/redPin@2x.png ... 
2020-03-04 01:54:09 +0000  1878 bytes for ./AMap.bundle/images/redPin@2x.png
2020-03-04 01:54:09 +0000  copying file ./AMap.bundle/images/pin_shadow@3x.png ... 
2020-03-04 01:54:09 +0000  1817 bytes for ./AMap.bundle/images/pin_shadow@3x.png
2020-03-04 01:54:09 +0000  copying file ./AMap.bundle/images/redPin.png ... 
2020-03-04 01:54:09 +0000  986 bytes for ./AMap.bundle/images/redPin.png
2020-03-04 01:54:09 +0000  copying file ./AMap.bundle/images/greenPin_lift.png ... 
2020-03-04 01:54:09 +0000  425 bytes for ./AMap.bundle/images/greenPin_lift.png
2020-03-04 01:54:09 +0000  copying file ./1_1280x800-1.jpeg ... 
2020-03-04 01:54:09 +0000  139705 bytes for ./1_1280x800-1.jpeg
2020-03-04 01:54:09 +0000  copying file ./Assets.car ... 
2020-03-04 01:54:09 +0000  52487088 bytes for ./Assets.car
copying file ./AppIcon40x40@2x~ipad.png ... 
2020-03-04 01:54:09 +0000  9289 bytes for ./AppIcon40x40@2x~ipad.png
copying file ./AppIcon76x76@2x~ipad.png ... 
23697 bytes for ./AppIcon76x76@2x~ipad.png
copying file ./LaunchImage-800-Portrait-736h@3x.png ... 
2020-03-04 01:54:09 +0000  3320483 bytes for ./LaunchImage-800-Portrait-736h@3x.png
copying file ./LaunchImage-700@2x.png ... 
973297 bytes for ./LaunchImage-700@2x.png
copying file ./AppIcon83.5x83.5@2x~ipad.png ... 
2020-03-04 01:54:09 +0000  24631 bytes for ./AppIcon83.5x83.5@2x~ipad.png
copying file ./LaunchImage-700-568h@2x.png ... 
2020-03-04 01:54:09 +0000  1137652 bytes for ./LaunchImage-700-568h@2x.png
copying file ./login_secure_select@2x.png ... 
2020-03-04 01:54:09 +0000  1589 bytes for ./login_secure_select@2x.png
2020-03-04 01:54:09 +0000  copying file ./LaunchImage-1200-Portrait-1792h@2x.png ... 
2020-03-04 01:54:09 +0000  2035154 bytes for ./LaunchImage-1200-Portrait-1792h@2x.png
copying file ./sr_refresh@2X.png ... 
2020-03-04 01:54:09 +0000  1101 bytes for ./sr_refresh@2X.png
copying file ./course_vip@2x.png ... 
1346 bytes for ./course_vip@2x.png
2020-03-04 01:54:09 +0000  copying file ./placeholder.jpeg ... 
2020-03-04 01:54:09 +0000  4114 bytes for ./placeholder.jpeg
copying file ./AppIcon29x29@2x~ipad.png ... 
2020-03-04 01:54:09 +0000  5890 bytes for ./AppIcon29x29@2x~ipad.png
copying file ./QWError.plist ... 
2020-03-04 01:54:09 +0000  1006 bytes for ./QWError.plist
2020-03-04 01:54:09 +0000  copying file ./4_1366x768.jpeg ... 
2020-03-04 01:54:09 +0000  220777 bytes for ./4_1366x768.jpeg
copying file ./AppIcon40x40~ipad.png ... 
2020-03-04 01:54:09 +0000  3778 bytes for ./AppIcon40x40~ipad.png
2020-03-04 01:54:09 +0000  copying file ./AppIcon20x20~ipad.png ... 
2020-03-04 01:54:09 +0000  2059 bytes for ./AppIcon20x20~ipad.png
copying file ./back_whiter_icon@2x.png ... 
2020-03-04 01:54:09 +0000  513 bytes for ./back_whiter_icon@2x.png
copying file ./embedded.mobileprovision ... 
2020-03-04 01:54:09 +0000  8073 bytes for ./embedded.mobileprovision
2020-03-04 01:54:09 +0000  copying file ./SVProgressHUD.bundle/error@2x.png ... 
2020-03-04 01:54:09 +0000  739 bytes for ./SVProgressHUD.bundle/error@2x.png
copying file ./SVProgressHUD.bundle/success@2x.png ... 
2020-03-04 01:54:09 +0000  872 bytes for ./SVProgressHUD.bundle/success@2x.png
copying file ./SVProgressHUD.bundle/error.png ... 
2020-03-04 01:54:09 +0000  371 bytes for ./SVProgressHUD.bundle/error.png
2020-03-04 01:54:09 +0000  copying file ./SVProgressHUD.bundle/success.png ... 
2020-03-04 01:54:09 +0000  508 bytes for ./SVProgressHUD.bundle/success.png
2020-03-04 01:54:09 +0000  copying file ./login_secure_normal@2x.png ... 
2020-03-04 01:54:09 +0000  1075 bytes for ./login_secure_normal@2x.png
2020-03-04 01:54:09 +0000  copying file ./AppIcon20x20@2x~ipad.png ... 
2020-03-04 01:54:09 +0000  3778 bytes for ./AppIcon20x20@2x~ipad.png
copying file ./Info.plist ... 
2020-03-04 01:54:09 +0000  3289 bytes for ./Info.plist
copying file ./PkgInfo ... 
2020-03-04 01:54:09 +0000  8 bytes for ./PkgInfo
2020-03-04 01:54:09 +0000  copying file ./bottom_play@2x.png ... 
2020-03-04 01:54:09 +0000  4859 bytes for ./bottom_play@2x.png
copying file ./AppIcon76x76~ipad.png ... 
2020-03-04 01:54:09 +0000  8655 bytes for ./AppIcon76x76~ipad.png
2020-03-04 01:54:09 +0000  copying file ./DDLogDetailViewController.nib/objects-13.0+.nib ... 
2020-03-04 01:54:09 +0000  4057 bytes for ./DDLogDetailViewController.nib/objects-13.0+.nib
2020-03-04 01:54:09 +0000  copying file ./DDLogDetailViewController.nib/runtime.nib ... 
2020-03-04 01:54:09 +0000  4057 bytes for ./DDLogDetailViewController.nib/runtime.nib
2020-03-04 01:54:09 +0000  /usr/bin/ditto exited with 0
2020-03-04 01:54:09 +0000  Processing step: IDEDistributionEmbedProfileStep
2020-03-04 01:54:09 +0000  Processing step: IDEDistributionAppThinningPlistStep
2020-03-04 01:54:09 +0000  Skipping step: IDEDistributionAppThinningPlistStep because it said so
2020-03-04 01:54:09 +0000  Processing step: IDEDistributionCompileBitcodeStep
2020-03-04 01:54:09 +0000  Skipping step: IDEDistributionCompileBitcodeStep because it said so
2020-03-04 01:54:09 +0000  Processing step: IDEDistributionCodeSlimmingStep
2020-03-04 01:54:09 +0000  Processing step: IDEDistributionCopyBCSymbolMapsStep
2020-03-04 01:54:09 +0000  Skipping step: IDEDistributionCopyBCSymbolMapsStep because it said so
2020-03-04 01:54:09 +0000  Processing step: IDEDistributionSymbolsStep
2020-03-04 01:54:09 +0000  Skipping step: IDEDistributionSymbolsStep because it said so
2020-03-04 01:54:09 +0000  Processing step: IDEDistributionAppThinningStep
2020-03-04 01:54:09 +0000  Skipping step: IDEDistributionAppThinningStep because it said so
2020-03-04 01:54:09 +0000  Processing step: IDEDistributionArchThinningStep
2020-03-04 01:54:09 +0000  Running /Applications/Xcode.app/Contents/Developer/Toolchains/XcodeDefault.xctoolchain/usr/bin/lipo '/var/folders/p8/khfnhkwj63zd_w9b8nc_0swh0000gn/T/XcodeDistPipeline.~~~DSR1Lx/Root/Payload/云风车.app/云风车' '-verify_arch' 'arm64e'
2020-03-04 01:54:09 +0000  /Applications/Xcode.app/Contents/Developer/Toolchains/XcodeDefault.xctoolchain/usr/bin/lipo exited with 1
2020-03-04 01:54:09 +0000  Skipping architecture thinning for item "云风车" because arch "arm64e" wasn't found
2020-03-04 01:54:09 +0000  Processing step: IDEDistributionODRStep
2020-03-04 01:54:09 +0000  Processing step: IDEDistributionStripXattrsStep
2020-03-04 01:54:09 +0000  Running /usr/bin/xattr '-crs' '/var/folders/p8/khfnhkwj63zd_w9b8nc_0swh0000gn/T/XcodeDistPipeline.~~~DSR1Lx/Root/Payload/云风车.app'
2020-03-04 01:54:10 +0000  /usr/bin/xattr exited with 0
2020-03-04 01:54:10 +0000  Processing step: IDEDistributionCodesignStep
2020-03-04 01:54:10 +0000  Entitlements for <IDEDistributionItem: 0x7fcb9140ebe0; bundleID='com.App.www.JYApp', path='<DVTFilePath:0x7fcb8e78cde0:'/Users/duweiguo/Library/Developer/Xcode/Archives/2020-03-04/JYApp 2020-3-4, 9.17 AM.xcarchive/Products/Applications/云风车.app'>', codeSigningInfo='<_DVTCodeSigningInformation_Path: 0x7fcb90ef31e0; isSigned='1', isAdHocSigned='0', signingCertificate='<DVTSigningCertificate: 0x7fcb91b15460; name='Apple Distribution: Dongying Pioneer Information Technology Service Co., Ltd (GJ4VL85M58)', hash='FB397C7FA1C1E601D68FB4668CE73E0920044693', serialNumber='1AE23EACF69F540F', certificateKinds='(
    "1.2.840.113635.100.6.1.4",
    "1.2.840.113635.100.6.1.7"
), issueDate='2019-10-10 05:45:07 +0000''>', entitlements='{
    "application-identifier" = "GJ4VL85M58.com.App.www.JYApp";
    "aps-environment" = production;
    "com.apple.developer.team-identifier" = GJ4VL85M58;
    "get-task-allow" = 0;
}', teamID='GJ4VL85M58', identifier='com.App.www.JYApp', executablePath='<DVTFilePath:0x7fcbaa3dcea0:'/Users/duweiguo/Library/Developer/Xcode/Archives/2020-03-04/JYApp 2020-3-4, 9.17 AM.xcarchive/Products/Applications/云风车.app/云风车'>', hardenedRuntime='0'>'>: {
    "application-identifier" = "GJ4VL85M58.com.App.www.JYApp";
    "aps-environment" = production;
    "com.apple.developer.team-identifier" = GJ4VL85M58;
    "get-task-allow" = 0;
}
2020-03-04 01:54:10 +0000  Writing entitlements for <IDEDistributionItem: 0x7fcb9140ebe0; bundleID='com.App.www.JYApp', path='<DVTFilePath:0x7fcb8e78cde0:'/Users/duweiguo/Library/Developer/Xcode/Archives/2020-03-04/JYApp 2020-3-4, 9.17 AM.xcarchive/Products/Applications/云风车.app'>', codeSigningInfo='<_DVTCodeSigningInformation_Path: 0x7fcb90ef31e0; isSigned='1', isAdHocSigned='0', signingCertificate='<DVTSigningCertificate: 0x7fcb9df63650; name='Apple Distribution: Dongying Pioneer Information Technology Service Co., Ltd (GJ4VL85M58)', hash='FB397C7FA1C1E601D68FB4668CE73E0920044693', serialNumber='1AE23EACF69F540F', certificateKinds='(
    "1.2.840.113635.100.6.1.4",
    "1.2.840.113635.100.6.1.7"
), issueDate='2019-10-10 05:45:07 +0000''>', entitlements='{
    "application-identifier" = "GJ4VL85M58.com.App.www.JYApp";
    "aps-environment" = production;
    "com.apple.developer.team-identifier" = GJ4VL85M58;
    "get-task-allow" = 0;
}', teamID='GJ4VL85M58', identifier='com.App.www.JYApp', executablePath='<DVTFilePath:0x7fcbaa3dcea0:'/Users/duweiguo/Library/Developer/Xcode/Archives/2020-03-04/JYApp 2020-3-4, 9.17 AM.xcarchive/Products/Applications/云风车.app/云风车'>', hardenedRuntime='0'>'> to: /var/folders/p8/khfnhkwj63zd_w9b8nc_0swh0000gn/T/XcodeDistPipeline.~~~DSR1Lx/entitlements~~~ulPW7c
2020-03-04 01:54:10 +0000  Running /usr/bin/codesign '-vvv' '--force' '--sign' 'FB397C7FA1C1E601D68FB4668CE73E0920044693' '--entitlements' '/var/folders/p8/khfnhkwj63zd_w9b8nc_0swh0000gn/T/XcodeDistPipeline.~~~DSR1Lx/entitlements~~~ulPW7c' '--preserve-metadata=identifier,flags,runtime' '/var/folders/p8/khfnhkwj63zd_w9b8nc_0swh0000gn/T/XcodeDistPipeline.~~~DSR1Lx/Root/Payload/云风车.app'
2020-03-04 01:54:10 +0000  /var/folders/p8/khfnhkwj63zd_w9b8nc_0swh0000gn/T/XcodeDistPipeline.~~~DSR1Lx/Root/Payload/云风车.app: signed app bundle with Mach-O universal (armv7 arm64) [com.App.www.JYApp]
2020-03-04 01:54:10 +0000  /usr/bin/codesign exited with 0
2020-03-04 01:54:10 +0000  Processing step: IDEDistributionZipODRItemStep
2020-03-04 01:54:10 +0000  Skipping step: IDEDistributionZipODRItemStep because it said so
2020-03-04 01:54:10 +0000  Processing step: IDEDistributionCreateIPAStep
2020-03-04 01:54:10 +0000  Running /usr/bin/ditto '-V' '-c' '-k' '--norsrc' '/var/folders/p8/khfnhkwj63zd_w9b8nc_0swh0000gn/T/XcodeDistPipeline.~~~DSR1Lx/Root' '/var/folders/p8/khfnhkwj63zd_w9b8nc_0swh0000gn/T/XcodeDistPipeline.~~~DSR1Lx/Packages/JYApp.ipa'
2020-03-04 01:54:10 +0000  >>> Copying /var/folders/p8/khfnhkwj63zd_w9b8nc_0swh0000gn/T/XcodeDistPipeline.~~~DSR1Lx/Root 
2020-03-04 01:54:10 +0000  copying file ./Payload/云风车.app/_CodeSignature/CodeResources ... 
2020-03-04 01:54:10 +0000  80906 bytes for ./Payload/云风车.app/_CodeSignature/CodeResources
copying file ./Payload/云风车.app/ddlog_check_icon_normal@2x.png ... 
2020-03-04 01:54:10 +0000  563 bytes for ./Payload/云风车.app/ddlog_check_icon_normal@2x.png
copying file ./Payload/云风车.app/LaunchImage-1100-Portrait-2436h@3x.png ... 
2020-03-04 01:54:11 +0000  3228789 bytes for ./Payload/云风车.app/LaunchImage-1100-Portrait-2436h@3x.png
copying file ./Payload/云风车.app/AppIcon20x20@2x.png ... 
2020-03-04 01:54:11 +0000  3778 bytes for ./Payload/云风车.app/AppIcon20x20@2x.png
copying file ./Payload/云风车.app/ddlog_check_icon_selected@3x.png ... 
1236 bytes for ./Payload/云风车.app/ddlog_check_icon_selected@3x.png
copying file ./Payload/云风车.app/AlipaySDK.bundle/shutdown@2x.png ... 
222 bytes for ./Payload/云风车.app/AlipaySDK.bundle/shutdown@2x.png
copying file ./Payload/云风车.app/AlipaySDK.bundle/refresh@2x.png ... 
605 bytes for ./Payload/云风车.app/AlipaySDK.bundle/refresh@2x.png
copying file ./Payload/云风车.app/AlipaySDK.bundle/refresh_click@2x.png ... 
1824 bytes for ./Payload/云风车.app/AlipaySDK.bundle/refresh_click@2x.png
copying file ./Payload/云风车.app/AlipaySDK.bundle/shutdown_click@2x.png ... 
1319 bytes for ./Payload/云风车.app/AlipaySDK.bundle/shutdown_click@2x.png
copying file ./Payload/云风车.app/AlipaySDK.bundle/bridge.js ... 
1790 bytes for ./Payload/云风车.app/AlipaySDK.bundle/bridge.js
copying file ./Payload/云风车.app/AlipaySDK.bundle/bar@2x.png ... 
1011 bytes for ./Payload/云风车.app/AlipaySDK.bundle/bar@2x.png
copying file ./Payload/云风车.app/AlipaySDK.bundle/alipay_msp_refresh@2x.png ... 
663 bytes for ./Payload/云风车.app/AlipaySDK.bundle/alipay_msp_refresh@2x.png
copying file ./Payload/云风车.app/AlipaySDK.bundle/alipay_msp_back@2x.png ... 
409 bytes for ./Payload/云风车.app/AlipaySDK.bundle/alipay_msp_back@2x.png
copying file ./Payload/云风车.app/search_dark_icon@2x.png ... 
963 bytes for ./Payload/云风车.app/search_dark_icon@2x.png
copying file ./Payload/云风车.app/5_1280x800.jpeg ... 
2020-03-04 01:54:11 +0000  115785 bytes for ./Payload/云风车.app/5_1280x800.jpeg
copying file ./Payload/云风车.app/index.html ... 
2020-03-04 01:54:11 +0000  343 bytes for ./Payload/云风车.app/index.html
copying file ./Payload/云风车.app/choose_school_icon@2x.png ... 
2020-03-04 01:54:11 +0000  80918 bytes for ./Payload/云风车.app/choose_school_icon@2x.png
copying file ./Payload/云风车.app/ddlog_check_icon_selected@2x.png ... 
2020-03-04 01:54:11 +0000  1000 bytes for ./Payload/云风车.app/ddlog_check_icon_selected@2x.png
copying file ./Payload/云风车.app/AppIcon20x20@3x.png ... 
2020-03-04 01:54:11 +0000  6185 bytes for ./Payload/云风车.app/AppIcon20x20@3x.png
copying file ./Payload/云风车.app/1_1280x800.jpeg ... 
2020-03-04 01:54:11 +0000  181407 bytes for ./Payload/云风车.app/1_1280x800.jpeg
copying file ./Payload/云风车.app/sr_refresh.png ... 
2020-03-04 01:54:11 +0000  564 bytes for ./Payload/云风车.app/sr_refresh.png
copying file ./Payload/云风车.app/ddlog_check_icon_normal@3x.png ... 
2020-03-04 01:54:11 +0000  1007 bytes for ./Payload/云风车.app/ddlog_check_icon_normal@3x.png
copying file ./Payload/云风车.app/云风车 ... 
2020-03-04 01:54:11 +0000  15936624 bytes for ./Payload/云风车.app/云风车
2020-03-04 01:54:11 +0000  copying file ./Payload/云风车.app/MJRefresh.bundle/zh-Hans.lproj/Localizable.strings ... 
1194 bytes for ./Payload/云风车.app/MJRefresh.bundle/zh-Hans.lproj/Localizable.strings
copying file ./Payload/云风车.app/MJRefresh.bundle/en.lproj/Localizable.strings ... 
1374 bytes for ./Payload/云风车.app/MJRefresh.bundle/en.lproj/Localizable.strings
copying file ./Payload/云风车.app/MJRefresh.bundle/uk.lproj/Localizable.strings ... 
1534 bytes for ./Payload/云风车.app/MJRefresh.bundle/uk.lproj/Localizable.strings
copying file ./Payload/云风车.app/MJRefresh.bundle/arrow@2x.png ... 
1033 bytes for ./Payload/云风车.app/MJRefresh.bundle/arrow@2x.png
copying file ./Payload/云风车.app/MJRefresh.bundle/ko.lproj/Localizable.strings ... 
771 bytes for ./Payload/云风车.app/MJRefresh.bundle/ko.lproj/Localizable.strings
copying file ./Payload/云风车.app/MJRefresh.bundle/zh-Hant.lproj/Localizable.strings ... 
773 bytes for ./Payload/云风车.app/MJRefresh.bundle/zh-Hant.lproj/Localizable.strings
copying file ./Payload/云风车.app/MJRefresh.bundle/ru.lproj/Localizable.strings ... 
1502 bytes for ./Payload/云风车.app/MJRefresh.bundle/ru.lproj/Localizable.strings
copying file ./Payload/云风车.app/UMSocialSDKResources.bundle/UMSocialWaterMark/umsocial_defaultwatermark.png ... 
3003 bytes for ./Payload/云风车.app/UMSocialSDKResources.bundle/UMSocialWaterMark/umsocial_defaultwatermark.png
copying file ./Payload/云风车.app/UMSocialSDKResources.bundle/zh-Hans.lproj/UMSocialLocalizable.strings ... 
6740 bytes for ./Payload/云风车.app/UMSocialSDKResources.bundle/zh-Hans.lproj/UMSocialLocalizable.strings
copying file ./Payload/云风车.app/UMSocialSDKResources.bundle/en.lproj/UMSocialLocalizable.strings ... 
6554 bytes for ./Payload/云风车.app/UMSocialSDKResources.bundle/en.lproj/UMSocialLocalizable.strings
copying file ./Payload/云风车.app/UMSocialSDKResources.bundle/Buttons/UMS_nav_button_close@2x.png ... 
500 bytes for ./Payload/云风车.app/UMSocialSDKResources.bundle/Buttons/UMS_nav_button_close@2x.png
copying file ./Payload/云风车.app/UMSocialSDKResources.bundle/Buttons/UMS_url_image@2x.png ... 
1562 bytes for ./Payload/云风车.app/UMSocialSDKResources.bundle/Buttons/UMS_url_image@2x.png
copying file ./Payload/云风车.app/UMSocialSDKResources.bundle/Buttons/UMS_url_music@2x.png ... 
1771 bytes for ./Payload/云风车.app/UMSocialSDKResources.bundle/Buttons/UMS_url_music@2x.png
copying file ./Payload/云风车.app/UMSocialSDKResources.bundle/Buttons/UMS_add_friend_off@2x.png ... 
134 bytes for ./Payload/云风车.app/UMSocialSDKResources.bundle/Buttons/UMS_add_friend_off@2x.png
copying file ./Payload/云风车.app/UMSocialSDKResources.bundle/Buttons/UMS_delete_image_button_normal@2x.png ... 
891 bytes for ./Payload/云风车.app/UMSocialSDKResources.bundle/Buttons/UMS_delete_image_button_normal@2x.png
copying file ./Payload/云风车.app/UMSocialSDKResources.bundle/Buttons/UMS_nav_button_send@2x.png ... 
1624 bytes for ./Payload/云风车.app/UMSocialSDKResources.bundle/Buttons/UMS_nav_button_send@2x.png
copying file ./Payload/云风车.app/UMSocialSDKResources.bundle/Buttons/UMS_url_video@2x.png ... 
2062 bytes for ./Payload/云风车.app/UMSocialSDKResources.bundle/Buttons/UMS_url_video@2x.png
copying file ./Payload/云风车.app/UMSocialSDKResources.bundle/UMSocialPlatformTheme/default/umsocial_renren.png ... 
1529 bytes for ./Payload/云风车.app/UMSocialSDKResources.bundle/UMSocialPlatformTheme/default/umsocial_renren.png
copying file ./Payload/云风车.app/UMSocialSDKResources.bundle/UMSocialPlatformTheme/default/umsocial_default.png ... 
4203 bytes for ./Payload/云风车.app/UMSocialSDKResources.bundle/UMSocialPlatformTheme/default/umsocial_default.png
copying file ./Payload/云风车.app/UMSocialSDKResources.bundle/UMSocialPlatformTheme/default/umsocial_pinterest.png ... 
1987 bytes for ./Payload/云风车.app/UMSocialSDKResources.bundle/UMSocialPlatformTheme/default/umsocial_pinterest.png
copying file ./Payload/云风车.app/UMSocialSDKResources.bundle/UMSocialPlatformTh
2020-03-04 01:54:11 +0000  eme/default/umsocial_alipay.png ... 
1370 bytes for ./Payload/云风车.app/UMSocialSDKResources.bundle/UMSocialPlatformTheme/default/umsocial_alipay.png
copying file ./Payload/云风车.app/UMSocialSDKResources.bundle/UMSocialPlatformTheme/default/umsocial_yixin_session.png ... 
1833 bytes for ./Payload/云风车.app/UMSocialSDKResources.bundle/UMSocialPlatformTheme/default/umsocial_yixin_session.png
copying file ./Payload/云风车.app/UMSocialSDKResources.bundle/UMSocialPlatformTheme/default/umsocial_vkontakte.png ... 
1867 bytes for ./Payload/云风车.app/UMSocialSDKResources.bundle/UMSocialPlatformTheme/default/umsocial_vkontakte.png
copying file ./Payload/云风车.app/UMSocialSDKResources.bundle/UMSocialPlatformTheme/default/umsocial_tim.png ... 
2597 bytes for ./Payload/云风车.app/UMSocialSDKResources.bundle/UMSocialPlatformTheme/default/umsocial_tim.png
copying file ./Payload/云风车.app/UMSocialSDKResources.bundle/UMSocialPlatformTheme/default/umsocial_lw_session.png ... 
2391 bytes for ./Payload/云风车.app/UMSocialSDKResources.bundle/UMSocialPlatformTheme/default/umsocial_lw_session.png
copying file ./Payload/云风车.app/UMSocialSDKResources.bundle/UMSocialPlatformTheme/default/umsocial_linkedin.png ... 
1637 bytes for ./Payload/云风车.app/UMSocialSDKResources.bundle/UMSocialPlatformTheme/default/umsocial_linkedin.png
copying file ./Payload/云风车.app/UMSocialSDKResources.bundle/UMSocialPlatformTheme/default/umsocial_yixin_favorite.png ... 
4145 bytes for ./Payload/云风车.app/UMSocialSDKResources.bundle/UMSocialPlatformTheme/default/umsocial_yixin_favorite.png
copying file ./Payload/云风车.app/UMSocialSDKResources.bundle/UMSocialPlatformTheme/default/umsocial_youdaonote.png ... 
1158 bytes for ./Payload/云风车.app/UMSocialSDKResources.bundle/UMSocialPlatformTheme/default/umsocial_youdaonote.png
copying file ./Payload/云风车.app/UMSocialSDKResources.bundle/UMSocialPlatformTheme/default/umsocial_flickr.png ... 
979 bytes for ./Payload/云风车.app/UMSocialSDKResources.bundle/UMSocialPlatformTheme/default/umsocial_flickr.png
copying file ./Payload/云风车.app/UMSocialSDKResources.bundle/UMSocialPlatformTheme/default/umsocial_line.png ... 
2020-03-04 01:54:11 +0000  1720 bytes for ./Payload/云风车.app/UMSocialSDKResources.bundle/UMSocialPlatformTheme/default/umsocial_line.png
copying file ./Payload/云风车.app/UMSocialSDKResources.bundle/UMSocialPlatformTheme/default/umsocial_email.png ... 
1211 bytes for ./Payload/云风车.app/UMSocialSDKResources.bundle/UMSocialPlatformTheme/default/umsocial_email.png
copying file ./Payload/云风车.app/UMSocialSDKResources.bundle/UMSocialPlatformTheme/default/umsocial_sms.png ... 
2020-03-04 01:54:11 +0000  1127 bytes for ./Payload/云风车.app/UMSocialSDKResources.bundle/UMSocialPlatformTheme/default/umsocial_sms.png
copying file ./Payload/云风车.app/UMSocialSDKResources.bundle/UMSocialPlatformTheme/default/umsocial_evernote.png ... 
2020-03-04 01:54:11 +0000  1267 bytes for ./Payload/云风车.app/UMSocialSDKResources.bundle/UMSocialPlatformTheme/default/umsocial_evernote.png
copying file ./Payload/云风车.app/UMSocialSDKResources.bundle/UMSocialPlatformTheme/default/umsocial_twitter.png ... 
1442 bytes for ./Payload/云风车.app/UMSocialSDKResources.bundle/UMSocialPlatformTheme/default/umsocial_twitter.png
copying file ./Payload/云风车.app/UMSocialSDKResources.bundle/UMSocialPlatformTheme/default/umsocial_whatsapp.png ... 
2020-03-04 01:54:11 +0000  1832 bytes for ./Payload/云风车.app/UMSocialSDKResources.bundle/UMSocialPlatformTheme/default/umsocial_whatsapp.png
2020-03-04 01:54:11 +0000  copying file ./Payload/云风车.app/UMSocialSDKResources.bundle/UMSocialPlatformTheme/default/umsocial_googleplus.png ... 
2320 bytes for ./Payload/云风车.app/UMSocialSDKResources.bundle/UMSocialPlatformTheme/default/umsocial_googleplus.png
copying file ./Payload/云风车.app/UMSocialSDKResources.bundle/UMSocialPlatformTheme/default/umsocial_douban.png ... 
2020-03-04 01:54:11 +0000  813 bytes for ./Payload/云风车.app/UMSocialSDKResources.bundle/UMSocialPlatformTheme/default/umsocial_douban.png
copying file ./Payload/云风车.app/UMSocialSDKResources.bundle/UMSocialPlatformTheme/default/umsocial_lw_timeline.png ... 
2020-03-04 01:54:11 +0000  1139 bytes for ./Payload/云风车.app/UMSocialSDKResources.bundle/UMSocialPlatformTheme/default/umsocial_lw_timeline.png
copying file ./Payload/云风车.app/UMSocialSDKResources.bundle/UMSocialPlatformTheme/default/umsocial_facebook.png ... 
1468 bytes for ./Payload/云风车.app/UMSocialSDKResources.bundle/UMSocialPlatformTheme/default/umsocial_facebook.png
copying file ./Payload/云风车.app/UMSocialSDKResources.bundle/UMSocialPlatformTheme/default/umsocial_dingding.png ... 
2020-03-04 01:54:11 +0000  1390 bytes for ./Payload/云风车.app/UMSocialSDKResources.bundle/UMSocialPlatformTheme/default/umsocial_dingding.png
copying file ./Payload/云风车.app/UMSocialSDKResources.bundle/UMSocialPlatformTheme/default/umsocial_wechat.png ... 
2020-03-04 01:54:11 +0000  1628 bytes for ./Payload/云风车.app/UMSocialSDKResources.bundle/UMSocialPlatformTheme/default/umsocial_wechat.png
copying file ./Payload/云风车.app/UMSocialSDKResources.bundle/UMSocialPlatformTheme/default/umsocial_yixin_timeline.png ... 
2020-03-04 01:54:11 +0000  2199 bytes for ./Payload/云风车.app/UMSocialSDKResources.bundle/UMSocialPlatformTheme/default/umsocial_yixin_timeline.png
copying file ./Payload/云风车.app/UMSocialSDKResources.bundle/UMSocialPlatformTheme/default/umsocial_dropbox.png ... 
2020-03-04 01:54:11 +0000  1692 bytes for ./Payload/云风车.app/UMSocialSDKResources.bundle/UMSocialPlatformTheme/default/umsocial_dropbox.png
copying file ./Payload/云风车.app/UMSocialSDKResources.bundle/UMSocialPlatformTheme/default/umsocial_pocket.png ... 
2020-03-04 01:54:11 +0000  1405 bytes for ./Payload/云风车.app/UMSocialSDKResources.bundle/UMSocialPlatformTheme/default/umsocial_pocket.png
copying file ./Payload/云风车.app/UMSocialSDKResources.bundle/UMSocialPlatformTheme/default/umsocial_wechat_timeline.png ... 
2020-03-04 01:54:11 +0000  1506 bytes for ./Payload/云风车.app/UMSocialSDKResources.bundle/UMSocialPlatformTheme/default/umsocial_wechat_timeline.png
copying file ./Payload/云风车.app/UMSocialSDKResources.bundle/UMSocialPlatformTheme/default/umsocial_tencentWB.png ... 
1943 bytes for ./Payload/云风车.app/UMSocialSDKResources.bundle/UMSocialPlatformTheme/default/umsocial_tencentWB.png
copying file ./Payload/云风车.app/UMSocialSDKResources.bundle/UMSocialPlatformTheme/default/umsocial_wechat_favorite.png ... 
2020-03-04 01:54:11 +0000  1179 bytes for ./Payload/云风车.app/UMSocialSDKResources.bundle/UMSocialPlatformTheme/default/umsocial_wechat_favorite.png
copying file ./Payload/云风车.app/UMSocialSDKResources.bundle/UMSocialPlatformTheme/default/umsocial_sina.png ... 
2020-03-04 01:54:11 +0000  2581 bytes for ./Payload/云风车.app/UMSocialSDKResources.bundle/UMSocialPlatformTheme/default/umsocial_sina.png
copying file ./Payload/云风车.app/UMSocialSDKResources.bundle/UMSocialPlatformTheme/default/umsocial_tumblr.png ... 
1564 bytes for ./Payload/云风车.app/UMSocialSDKResources.bundle/UMSocialPlatformTheme/default/umsocial_tumblr.png
copying file ./Payload/云风车.app/UMSocialSDKResources.bundle/UMSocialPlatformTheme/default/umsocial_kakaoTalk.png ... 
2020-03-04 01:54:11 +0000  1893 bytes for ./Payload/云风车.app/UMSocialSDKResources.bundle/UMSocialPlatformTheme/default/umsocial_kakaoTalk.png
copying file ./Payload/云风车.app/UMSocialSDKResources.bundle/UMSocialPlatformTheme/default/umsocial_facebookmessenger.png ... 
2020-03-04 01:54:11 +0000  1749 bytes for ./Payload/云风车.app/UMSocialSDKResources.bundle/UMSocialPlatformTheme/default/umsocial_facebookmessenger.png
copying file ./Payload/云风车.app/UMSocialSDKResources.bundle/UMSocialPlatformTheme/default/umsocial_qzone.png ... 
2083 bytes for ./Payload/云风车.app/UMSocialSDKResources.bundle/UMSocialPlatformTheme/default/umsocial_qzone.png
copying file ./Payload/云风车.app/UMSocialSDKResources.bundle/UMSocialPlatformTheme/default/umsocial_qq.png ... 
2020-03-04 01:54:11 +0000  3505 bytes for ./Payload/云风车.app/UMSocialSDKResources.bundle/UMSocialPlatformTheme/default/umsocial_qq.png
copying file ./Payload/云风车.app/UMSocialSDKResources.bundle/UMSocialPlatformTheme/default/umsocial_instagram.png ... 
1952 bytes for ./Payload/云风车.app/UMSocialSDKResources.bundle/UMSocialPlatformTheme/default/umsocial_instagram.png
2020-03-04 01:54:11 +0000  copying file ./Payload/云风车.app/choose_parent_icon@2x.png ... 
2020-03-04 01:54:11 +0000  210351 bytes for ./Payload/云风车.app/choose_parent_icon@2x.png
copying file ./Payload/云风车.app/AppIcon60x60@2x.png ... 
2020-03-04 01:54:11 +0000  16912 bytes for ./Payload/云风车.app/AppIcon60x60@2x.png
copying file ./Payload/云风车.app/education_num@2x.png ... 
2020-03-04 01:54:11 +0000  339 bytes for ./Payload/云风车.app/education_num@2x.png
copying file ./Payload/云风车.app/IQKeyboardManager.bundle/Assets.car ... 
2020-03-04 01:54:11 +0000  60912 bytes for ./Payload/云风车.app/IQKeyboardManager.bundle/Assets.car
copying file ./Payload/云风车.app/IQKeyboardManager.bundle/Info.plist ... 
2020-03-04 01:54:11 +0000  733 bytes for ./Payload/云风车.app/IQKeyboardManager.bundle/Info.plist
copying file ./Payload/云风车.app/ChartNew.min.js ... 
2020-03-04 01:54:11 +0000  120125 bytes for ./Payload/云风车.app/ChartNew.min.js
copying file ./Payload/云风车.app/AppIcon29x29@2x.png ... 
2020-03-04 01:54:11 +0000  5890 bytes for ./Payload/云风车.app/AppIcon29x29@2x.png
copying file ./Payload/云风车.app/AppIcon40x40@3x.png ... 
2020-03-04 01:54:11 +0000  16912 bytes for ./Payload/云风车.app/AppIcon40x40@3x.png
copying file ./Payload/云风车.app/AppIcon29x29~ipad.png ... 
2020-03-04 01:54:11 +0000  2756 bytes for ./Payload/云风车.app/AppIcon29x29~ipad.png
copying file ./Payload/云风车.app/user_progress_icon@2x.png ... 
2020-03-04 01:54:11 +0000  5168 bytes for ./Payload/云风车.app/user_progress_icon@2x.png
copying file ./Payload/云风车.app/AppIcon40x40@2x.png ... 
2020-03-04 01:54:11 +0000  9289 bytes for ./Payload/云风车.app/AppIcon40x40@2x.png
2020-03-04 01:54:11 +0000  copying file ./Payload/云风车.app/near_address_icon@2x.png ... 
3023 bytes for ./Payload/云风车.app/near_address_icon@2x.png
2020-03-04 01:54:11 +0000  copying file ./Payload/云风车.app/DDLogListTableViewCell.nib/objects-13.0+.nib ... 
3659 bytes for ./Payload/云风车.app/DDLogListTableViewCell.nib/objects-13.0+.nib
2020-03-04 01:54:11 +0000  copying file ./Payload/云风车.app/DDLogListTableViewCell.nib/runtime.nib ... 
3660 bytes for ./Payload/云风车.app/DDLogListTableViewCell.nib/runtime.nib
2020-03-04 01:54:11 +0000  copying file ./Payload/云风车.app/LaunchImage-1200-Portrait-2688h@3x.png ... 
2020-03-04 01:54:12 +0000  3776239 bytes for ./Payload/云风车.app/LaunchImage-1200-Portrait-2688h@3x.png
copying file ./Payload/云风车.app/AppIcon29x29@3x.png ... 
2020-03-04 01:54:12 +0000  10484 bytes for ./Payload/云风车.app/AppIcon29x29@3x.png
copying file ./Payload/云风车.app/AppIcon60x60@3x.png ... 
26924 bytes for ./Payload/云风车.app/AppIcon60x60@3x.png
copying file ./Payload/云风车.app/Base.lproj/Main.storyboardc/UIViewController-BYZ-38-t0r.nib/objects-13.0+.nib ... 
916 bytes for ./Payload/云风车.app/Base.lproj/Main.storyboardc/UIViewController-BYZ-38-t0r.nib/objects-13.0+.nib
copying file ./Payload/云风车.app/Base.lproj/Main.storyboardc/UIViewController-BYZ-38-t0r.nib/runtime.nib ... 
916 bytes for ./Payload/云风车.app/Base.lproj/Main.storyboardc/UIViewController-BYZ-38-t0r.nib/runtime.nib
copying file ./Payload/云风车.app/Base.lproj/Main.storyboardc/BYZ-38-t0r-view-8bC-Xf-vdC.nib/objects-13.0+.nib ... 
1858 bytes for ./Payload/云风车.app/Base.lproj/Main.storyboardc/BYZ-38-t0r-view-8bC-Xf-vdC.nib/objects-13.0+.nib
copying file ./Payload/云风车.app/Base.lproj/Main.storyboardc/BYZ-38-t0r-view-8bC-Xf-vdC.nib/runtime.nib ... 
1856 bytes for ./Payload/云风车.app/Base.lproj/Main.storyboardc/BYZ-38-t0r-view-8bC-Xf-vdC.nib/runtime.nib
copying file ./Payload/云风车.app/Base.lproj/Main.storyboardc/Info.plist ... 
258 bytes for ./Payload/云风车.app/Base.lproj/Main.storyboardc/Info.plist
copying file ./Payload/云风车.app/Base.lproj/LaunchScreen.storyboardc/01J-lp-oVM-view-Ze5-6b-2t3.nib/objects-13.0+.nib ... 
2338 bytes for ./Payload/云风车.app/Base.lproj/LaunchScreen.storyboardc/01J-lp-oVM-view-Ze5-6b-2t3.nib/objects-13.0+.nib
copying file ./Payload/云风车.app/Base.lproj/LaunchScreen.storyboardc/01J-lp-oVM-view-Ze5-6b-2t3.nib/runtime.nib ... 
2339 bytes for ./Payload/云风车.app/Base.lproj/LaunchScreen.storyboardc/01J-lp-oVM-view-Ze5-6b-2t3.nib/runtime.nib
copying file ./Payload/云风车.app/Base.lproj/LaunchScreen.storyboardc/UIViewController-01J-lp-oVM.nib/objects-13.0+.nib ... 
896 bytes for ./Payload/云风车.app/Base.lproj/LaunchScreen.storyboardc/UIViewController-01J-lp-oVM.nib/objects-13.0+.nib
copying file ./Payload/云风车.app/Base.lproj/LaunchScreen.storyboardc/UIViewController-01J-lp-oVM.nib/runtime.nib ... 
896 bytes for ./Payload/云风车.app/Base.lproj/LaunchScreen.storyboardc/UIViewController-01J-lp-oVM.nib/runtime.nib
copying file ./Payload/云风车.app/Base.lproj/LaunchScreen.storyboardc/Info.plist ... 
258 bytes for ./Payload/云风车.app/Base.lproj/LaunchScreen.storyboardc/Info.plist
copying file ./Payload/云风车.app/DDLogListTableViewController.nib/objects-13.0+.nib ... 
1521 bytes for ./Payload/云风车.app/DDLogListTableViewController.nib/objects-13.0+.nib
copying file ./Payload/云风车.app/DDLogListTableViewController.nib/runtime.nib ... 
1521 bytes for ./Payload/云风车.app/DDLogListTableViewController.nib/runtime.nib
copying file ./Payload/云风车.app/education_time@2x.png ... 
360 bytes for ./Payload/云风车.app/education_time@2x.png
copying file ./Payload/云风车.app/SJVideoPlayer.bundle/sj_video_player_maxRate@2x.png ... 
613 bytes for ./Payload/云风车.app/SJVideoPlayer.bundle/sj_video_player_maxRate@2x.png
copying file ./Payload/云风车.app/SJVideoPlayer.bundle/sj_video_player_gif@3x.png ... 
1707 bytes for ./Payload/云风车.app/SJVideoPlayer.bundle/sj_video_player_gif@3x.png
copying file ./Payload/云风车.app/SJVideoPlayer.bundle/zh-Hans.lproj/Localizable.strings ... 
4882 bytes for ./Payload/云风车.app/SJVideoPlayer.bundle/zh-Hans.lproj/Localizable.strings
copying file ./Payload/云风车.app/SJVideoPlayer.bundle/sj_video_player_forward@2x.png ... 
509 bytes for ./Payload/云风车.app/SJVideoPlayer.bundle/sj_video_player_forward@2x.png
copying file ./Payload/云风车.app/SJVideoPlayer.bundle/battery_nub@2x.png ... 
149 bytes for ./Payload/云风车.app/SJVideoPlayer.bundle/battery_nub@2x.png
copying file ./Payload/云风车.app/SJVideoPlayer.bundle/battery_lightning@3x.png ... 
677 bytes for ./Payload/云风车.app/SJVideoPlayer.bundle/battery_lightning@3x.png
copying file ./Payload/云风车.app/SJVideoPlayer.bundle/sj_video_player_shrinkscreen@3x.png ... 
193 bytes for ./Payload/云风车.app
2020-03-04 01:54:12 +0000  /SJVideoPlayer.bundle/sj_video_player_shrinkscreen@3x.png
copying file ./Payload/云风车.app/SJVideoPlayer.bundle/sj_video_player_unlock@2x.png ... 
1284 bytes for ./Payload/云风车.app/SJVideoPlayer.bundle/sj_video_player_unlock@2x.png
copying file ./Payload/云风车.app/SJVideoPlayer.bundle/sj_video_player_replay@2x.png ... 
1035 bytes for ./Payload/云风车.app/SJVideoPlayer.bundle/sj_video_player_replay@2x.png
copying file ./Payload/云风车.app/SJVideoPlayer.bundle/en.lproj/Localizable.strings ... 
5594 bytes for ./Payload/云风车.app/SJVideoPlayer.bundle/en.lproj/Localizable.strings
copying file ./Payload/云风车.app/SJVideoPlayer.bundle/sj_export_finish@3x.png ... 
724 bytes for ./Payload/云风车.app/SJVideoPlayer.bundle/sj_export_finish@3x.png
copying file ./Payload/云风车.app/SJVideoPlayer.bundle/sj_export_finish@2x.png ... 
529 bytes for ./Payload/云风车.app/SJVideoPlayer.bundle/sj_export_finish@2x.png
copying file ./Payload/云风车.app/SJVideoPlayer.bundle/sj_video_player_replay@3x.png ... 
1594 bytes for ./Payload/云风车.app/SJVideoPlayer.bundle/sj_video_player_replay@3x.png
copying file ./Payload/云风车.app/SJVideoPlayer.bundle/sj_video_player_unlock@3x.png ... 
1722 bytes for ./Payload/云风车.app/SJVideoPlayer.bundle/sj_video_player_unlock@3x.png
copying file ./Payload/云风车.app/SJVideoPlayer.bundle/sj_video_player_shrinkscreen@2x.png ... 
2020-03-04 01:54:12 +0000  180 bytes for ./Payload/云风车.app/SJVideoPlayer.bundle/sj_video_player_shrinkscreen@2x.png
copying file ./Payload/云风车.app/SJVideoPlayer.bundle/battery_lightning@2x.png ... 
514 bytes for ./Payload/云风车.app/SJVideoPlayer.bundle/battery_lightning@2x.png
copying file ./Payload/云风车.app/SJVideoPlayer.bundle/battery_nub@3x.png ... 
172 bytes for ./Payload/云风车.app/SJVideoPlayer.bundle/battery_nub@3x.png
2020-03-04 01:54:12 +0000  copying file ./Payload/云风车.app/SJVideoPlayer.bundle/sj_video_player_forward@3x.png ... 
741 bytes for ./Payload/云风车.app/SJVideoPlayer.bundle/sj_video_player_forward@3x.png
copying file ./Payload/云风车.app/SJVideoPlayer.bundle/sj_video_player_gif@2x.png ... 
2020-03-04 01:54:12 +0000  1299 bytes for ./Payload/云风车.app/SJVideoPlayer.bundle/sj_video_player_gif@2x.png
copying file ./Payload/云风车.app/SJVideoPlayer.bundle/sj_video_player_maxRate@3x.png ... 
901 bytes for ./Payload/云风车.app/SJVideoPlayer.bundle/sj_video_player_maxRate@3x.png
copying file ./Payload/云风车.app/SJVideoPlayer.bundle/sj_video_player_pause@3x.png ... 
2020-03-04 01:54:12 +0000  255 bytes for ./Payload/云风车.app/SJVideoPlayer.bundle/sj_video_player_pause@3x.png
copying file ./Payload/云风车.app/SJVideoPlayer.bundle/sj_video_player_finish_recording@3x.png ... 
1254 bytes for ./Payload/云风车.app/SJVideoPlayer.bundle/sj_video_player_finish_recording@3x.png
copying file ./Payload/云风车.app/SJVideoPlayer.bundle/sj_video_player_screenshot@3x.png ... 
2020-03-04 01:54:12 +0000  1881 bytes for ./Payload/云风车.app/SJVideoPlayer.bundle/sj_video_player_screenshot@3x.png
copying file ./Payload/云风车.app/SJVideoPlayer.bundle/sj_video_player_lock@2x.png ... 
2020-03-04 01:54:12 +0000  1219 bytes for ./Payload/云风车.app/SJVideoPlayer.bundle/sj_video_player_lock@2x.png
copying file ./Payload/云风车.app/SJVideoPlayer.bundle/sj_video_player_play@3x.png ... 
580 bytes for ./Payload/云风车.app/SJVideoPlayer.bundle/sj_video_player_play@3x.png
copying file ./Payload/云风车.app/SJVideoPlayer.bundle/sj_video_player_film_editing@2x.png ... 
2020-03-04 01:54:12 +0000  1515 bytes for ./Payload/云风车.app/SJVideoPlayer.bundle/sj_video_player_film_editing@2x.png
copying file ./Payload/云风车.app/SJVideoPlayer.bundle/sj_video_player_back@2x.png ... 
226 bytes for ./Payload/云风车.app/SJVideoPlayer.bundle/sj_video_player_back@2x.png
copying file ./Payload/云风车.app/SJVideoPlayer.bundle/sj_video_player_back@3x.png ... 
2020-03-04 01:54:12 +0000  264 bytes for ./Payload/云风车.app/SJVideoPlayer.bundle/sj_video_player_back@3x.png
copying file ./Payload/云风车.app/SJVideoPlayer.bundle/sj_video_player_film_editing@3x.png ... 
2362 bytes for ./Payload/云风车.app/SJVideoPlayer.bundle/sj_video_player_film_editing@3x.png
copying file ./Payload/云风车.app/SJVideoPlayer.bundle/sj_video_player_play@2x.png ... 
2020-03-04 01:54:12 +0000  446 bytes for ./Payload/云风车.app/SJVideoPlayer.bundle/sj_video_player_play@2x.png
copying file ./Payload/云风车.app/SJVideoPlayer.bundle/sj_video_player_lock@3x.png ... 
2020-03-04 01:54:12 +0000  2227 bytes for ./Payload/云风车.app/SJVideoPlayer.bundle/sj_video_player_lock@3x.png
copying file ./Payload/云风车.app/SJVideoPlayer.bundle/sj_video_player_screenshot@2x.png ... 
1252 bytes for ./Payload/云风车.app/SJVideoPlayer.bundle/sj_video_player_screenshot@2x.png
copying file ./Payload/云风车.app/SJVideoPlayer.bundle/sj_video_player_finish_recording@2x.png ... 
2020-03-04 01:54:12 +0000  934 bytes for ./Payload/云风车.app/SJVideoPlayer.bundle/sj_video_player_finish_recording@2x.png
copying file ./Payload/云风车.app/SJVideoPlayer.bundle/sj_video_player_pause@2x.png ... 
210 bytes for ./Payload/云风车.app/SJVideoPlayer.bundle/sj_video_player_pause@2x.png
2020-03-04 01:54:12 +0000  copying file ./Payload/云风车.app/SJVideoPlayer.bundle/zh-Hant.lproj/Localizable.strings ... 
2892 bytes for ./Payload/云风车.app/SJVideoPlayer.bundle/zh-Hant.lproj/Localizable.strings
copying file ./Payload/云风车.app/SJVideoPlayer.bundle/sj_video_player_minBrightness@2x.png ... 
2020-03-04 01:54:12 +0000  398 bytes for ./Payload/云风车.app/SJVideoPlayer.bundle/sj_video_player_minBrightness@2x.png
copying file ./Payload/云风车.app/SJVideoPlayer.bundle/sj_video_player_minRate@2x.png ... 
723 bytes for ./Payload/云风车.app/SJVideoPlayer.bundle/sj_video_player_minRate@2x.png
copying file ./Payload/云风车.app/SJVideoPlayer.bundle/sj_export_waiting@2x.png ... 
2020-03-04 01:54:12 +0000  531 bytes for ./Payload/云风车.app/SJVideoPlayer.bundle/sj_export_waiting@2x.png
copying file ./Payload/云风车.app/SJVideoPlayer.bundle/sj_video_player_fullscreen@2x.png ... 
115 bytes for ./Payload/云风车.app/SJVideoPlayer.bundle/sj_video_player_fullscreen@2x.png
copying file ./Payload/云风车.app/SJVideoPlayer.bundle/sj_video_player_fullscreen@3x.png ... 
2020-03-04 01:54:12 +0000  119 bytes for ./Payload/云风车.app/SJVideoPlayer.bundle/sj_video_player_fullscreen@3x.png
copying file ./Payload/云风车.app/SJVideoPlayer.bundle/sj_export_waiting@3x.png ... 
772 bytes for ./Payload/云风车.app/SJVideoPlayer.bundle/sj_export_waiting@3x.png
copying file ./Payload/云风车.app/SJVideoPlayer.bundle/sj_video_player_minBrightness@3x.png ... 
2020-03-04 01:54:12 +0000  553 bytes for ./Payload/云风车.app/SJVideoPlayer.bundle/sj_video_player_minBrightness@3x.png
copying file ./Payload/云风车.app/SJVideoPlayer.bundle/sj_video_player_minRate@3x.png ... 
2020-03-04 01:54:12 +0000  990 bytes for ./Payload/云风车.app/SJVideoPlayer.bundle/sj_video_player_minRate@3x.png
copying file ./Payload/云风车.app/SJVideoPlayer.bundle/sj_video_player_fast@2x.png ... 
624 bytes for ./Payload/云风车.app/SJVideoPlayer.bundle/sj_video_player_fast@2x.png
copying file ./Payload/云风车.app/SJVideoPlayer.bundle/battery_border@2x.png ... 
2020-03-04 01:54:12 +0000  220 bytes for ./Payload/云风车.app/SJVideoPlayer.bundle/battery_border@2x.png
copying file ./Payload/云风车.app/SJVideoPlayer.bundle/sj_video_player_more@3x.png ... 
296 bytes for ./Payload/云风车.app/SJVideoPlayer.bundle/sj_video_player_more@3x.png
copying file ./Payload/云风车.app/SJVideoPlayer.bundle/sj_video_player_maxBrightness@2x.png ... 
2020-03-04 01:54:12 +0000  548 bytes for ./Payload/云风车.app/SJVideoPlayer.bundle/sj_video_player_maxBrightness@2x.png
copying file ./Payload/云风车.app/SJVideoPlayer.bundle/sj_video_player_export@2x.png ... 
1581 bytes for ./Payload/云风车.app/SJVideoPlayer.bundle/sj_video_player_export@2x.png
2020-03-04 01:54:12 +0000  copying file ./Payload/云风车.app/SJVideoPlayer.bundle/sj_video_player_minVolume@2x.png ... 
339 bytes for ./Payload/云风车.app/SJVideoPlayer.bundle/sj_video_player_minVolume@2x.png
copying file ./Payload/云风车.app/SJVideoPlayer.bundle/close@3x.png ... 
2020-03-04 01:54:12 +0000  2129 bytes for ./Payload/云风车.app/SJVideoPlayer.bundle/close@3x.png
copying file ./Payload/云风车.app/SJVideoPlayer.bundle/sj_video_player_maxVolume@2x.png ... 
523 bytes for ./Payload/云风车.app/SJVideoPlayer.bundle/sj_video_player_maxVolume@2x.png
copying file ./Payload/云风车.app/SJVideoPlayer.bundle/sj_video_player_maxVolume@3x.png ... 
2020-03-04 01:54:12 +0000  699 bytes for ./Payload/云风车.app/SJVideoPlayer.bundle/sj_video_player_maxVolume@3x.png
copying file ./Payload/云风车.app/SJVideoPlayer.bundle/sj_video_player_minVolume@3x.png ... 
389 bytes for ./Payload/云风车.app/SJVideoPlayer.bundle/sj_video_player_minVolume@3x.png
copying file ./Payload/云风车.app/SJVideoPlayer.bundle/close@2x.png ... 
2020-03-04 01:54:12 +0000  1356 bytes for ./Payload/云风车.app/SJVideoPlayer.bundle/close@2x.png
copying file ./Payload/云风车.app/SJVideoPlayer.bundle/sj_video_player_export@3x.png ... 
2195 bytes for ./Payload/云风车.app/SJVideoPlayer.bundle/sj_video_player_export@3x.png
copying file ./Payload/云风车.app/SJVideoPlayer.bundle/sj_video_player_maxBrightness@3x.png ... 
2020-03-04 01:54:12 +0000  729 bytes for ./Payload/云风车.app/SJVideoPlayer.bundle/sj_video_player_maxBrightness@3x.png
copying file ./Payload/云风车.app/SJVideoPlayer.bundle/battery_border@3x.png ... 
276 bytes for ./Payload/云风车.app/SJVideoPlayer.bundle/battery_border@3x.png
copying file ./Payload/云风车.app/SJVideoPlayer.bundle/sj_video_player_more@2x.png ... 
2020-03-04 01:54:12 +0000  174 bytes for ./Payload/云风车.app/SJVideoPlayer.bundle/sj_video_player_more@2x.png
copying file ./Payload/云风车.app/SJVideoPlayer.bundle/sj_video_player_fast@3x.png ... 
843 bytes for ./Payload/云风车.app/SJVideoPlayer.bundle/sj_video_player_fast@3x.png
2020-03-04 01:54:12 +0000  copying file ./Payload/云风车.app/SJBaseVideoPlayerResources.bundle/volume@3x.png ... 
1086 bytes for ./Payload/云风车.app/SJBaseVideoPlayerResources.bundle/volume@3x.png
copying file ./Payload/云风车.app/SJBaseVideoPlayerResources.bundle/volume@2x.png ... 
2020-03-04 01:54:12 +0000  727 bytes for ./Payload/云风车.app/SJBaseVideoPlayerResources.bundle/volume@2x.png
copying file ./Payload/云风车.app/SJBaseVideoPlayerResources.bundle/brightness@3x.png ... 
966 bytes for ./Payload/云风车.app/SJBaseVideoPlayerResources.bundle/brightness@3x.png
copying file ./Payload/云风车.app/SJBaseVideoPlayerResources.bundle/brightness@2x.png ... 
2020-03-04 01:54:12 +0000  448 bytes for ./Payload/云风车.app/SJBaseVideoPlayerResources.bundle/brightness@2x.png
copying file ./Payload/云风车.app/SJBaseVideoPlayerResources.bundle/mute@3x.png ... 
822 bytes for ./Payload/云风车.app/SJBaseVideoPlayerResources.bundle/mute@3x.png
2020-03-04 01:54:12 +0000  copying file ./Payload/云风车.app/SJBaseVideoPlayerResources.bundle/mute@2x.png ... 
524 bytes for ./Payload/云风车.app/SJBaseVideoPlayerResources.bundle/mute@2x.png
copying file ./Payload/云风车.app/AMap.bundle/images/purplePin@3x.png ... 
2020-03-04 01:54:12 +0000  2844 bytes for ./Payload/云风车.app/AMap.bundle/images/purplePin@3x.png
copying file ./Payload/云风车.app/AMap.bundle/images/greenPin@3x.png ... 
2020-03-04 01:54:12 +0000  2844 bytes for ./Payload/云风车.app/AMap.bundle/images/greenPin@3x.png
copying file ./Payload/云风车.app/AMap.bundle/images/greenPin_lift@3x.png ... 
1401 bytes for ./Payload/云风车.app/AMap.bundle/images/greenPin_lift@3x.png
copying file ./Payload/云风车.app/AMap.bundle/images/greenPin_lift@2x.png ... 
2020-03-04 01:54:12 +0000  960 bytes for ./Payload/云风车.app/AMap.bundle/images/greenPin_lift@2x.png
copying file ./Payload/云风车.app/AMap.bundle/images/greenPin@2x.png ... 
1893 bytes for ./Payload/云风车.app/AMap.bundle/images/greenPin@2x.png
2020-03-04 01:54:12 +0000  copying file ./Payload/云风车.app/AMap.bundle/images/purplePin@2x.png ... 
1873 bytes for ./Payload/云风车.app/AMap.bundle/images/purplePin@2x.png
copying file ./Payload/云风车.app/AMap.bundle/images/pin_shadow.png ... 
2020-03-04 01:54:12 +0000  609 bytes for ./Payload/云风车.app/AMap.bundle/images/pin_shadow.png
copying file ./Payload/云风车.app/AMap.bundle/images/greenPin.png ... 
988 bytes for ./Payload/云风车.app/AMap.bundle/images/greenPin.png
copying file ./Payload/云风车.app/AMap.bundle/images/purplePin_lift.png ... 
2020-03-04 01:54:12 +0000  418 bytes for ./Payload/云风车.app/AMap.bundle/images/purplePin_lift.png
copying file ./Payload/云风车.app/AMap.bundle/images/redPin_lift@3x.png ... 
1405 bytes for ./Payload/云风车.app/AMap.bundle/images/redPin_lift@3x.png
2020-03-04 01:54:12 +0000  copying file ./Payload/云风车.app/AMap.bundle/images/redPin_lift.png ... 
418 bytes for ./Payload/云风车.app/AMap.bundle/images/redPin_lift.png
copying file ./Payload/云风车.app/AMap.bundle/images/purplePin.png ... 
2020-03-04 01:54:12 +0000  988 bytes for ./Payload/云风车.app/AMap.bundle/images/purplePin.png
copying file ./Payload/云风车.app/AMap.bundle/images/redPin_lift@2x.png ... 
2020-03-04 01:54:12 +0000  955 bytes for ./Payload/云风车.app/AMap.bundle/images/redPin_lift@2x.png
copying file ./Payload/云风车.app/AMap.bundle/images/pin_shadow@2x.png ... 
2020-03-04 01:54:12 +0000  1155 bytes for ./Payload/云风车.app/AMap.bundle/images/pin_shadow@2x.png
2020-03-04 01:54:12 +0000  copying file ./Payload/云风车.app/AMap.bundle/images/redPin@3x.png ... 
2848 bytes for ./Payload/云风车.app/AMap.bundle/images/redPin@3x.png
copying file ./Payload/云风车.app/AMap.bundle/images/purplePin_lift@2x.png ... 
2020-03-04 01:54:12 +0000  960 bytes for ./Payload/云风车.app/AMap.bundle/images/purplePin_lift@2x.png
copying file ./Payload/云风车.app/AMap.bundle/images/purplePin_lift@3x.png ... 
2020-03-04 01:54:12 +0000  1406 bytes for ./Payload/云风车.app/AMap.bundle/images/purplePin_lift@3x.png
copying file ./Payload/云风车.app/AMap.bundle/images/redPin@2x.png ... 
2020-03-04 01:54:12 +0000  1878 bytes for ./Payload/云风车.app/AMap.bundle/images/redPin@2x.png
2020-03-04 01:54:12 +0000  copying file ./Payload/云风车.app/AMap.bundle/images/pin_shadow@3x.png ... 
1817 bytes for ./Payload/云风车.app/AMap.bundle/images/pin_shadow@3x.png
copying file ./Payload/云风车.app/AMap.bundle/images/redPin.png ... 
2020-03-04 01:54:12 +0000  986 bytes for ./Payload/云风车.app/AMap.bundle/images/redPin.png
copying file ./Payload/云风车.app/AMap.bundle/images/greenPin_lift.png ... 
2020-03-04 01:54:12 +0000  425 bytes for ./Payload/云风车.app/AMap.bundle/images/greenPin_lift.png
2020-03-04 01:54:12 +0000  copying file ./Payload/云风车.app/1_1280x800-1.jpeg ... 
2020-03-04 01:54:12 +0000  139705 bytes for ./Payload/云风车.app/1_1280x800-1.jpeg
copying file ./Payload/云风车.app/Assets.car ... 
2020-03-04 01:54:14 +0000  52487088 bytes for ./Payload/云风车.app/Assets.car
copying file ./Payload/云风车.app/AppIcon40x40@2x~ipad.png ... 
2020-03-04 01:54:14 +0000  9289 bytes for ./Payload/云风车.app/AppIcon40x40@2x~ipad.png
copying file ./Payload/云风车.app/AppIcon76x76@2x~ipad.png ... 
23697 bytes for ./Payload/云风车.app/AppIcon76x76@2x~ipad.png
copying file ./Payload/云风车.app/LaunchImage-800-Portrait-736h@3x.png ... 
2020-03-04 01:54:15 +0000  3320483 bytes for ./Payload/云风车.app/LaunchImage-800-Portrait-736h@3x.png
copying file ./Payload/云风车.app/LaunchImage-700@2x.png ... 
2020-03-04 01:54:15 +0000  973297 bytes for ./Payload/云风车.app/LaunchImage-700@2x.png
copying file ./Payload/云风车.app/AppIcon83.5x83.5@2x~ipad.png ... 
2020-03-04 01:54:15 +0000  24631 bytes for ./Payload/云风车.app/AppIcon83.5x83.5@2x~ipad.png
copying file ./Payload/云风车.app/LaunchImage-700-568h@2x.png ... 
2020-03-04 01:54:15 +0000  1137652 bytes for ./Payload/云风车.app/LaunchImage-700-568h@2x.png
copying file ./Payload/云风车.app/login_secure_select@2x.png ... 
2020-03-04 01:54:15 +0000  1589 bytes for ./Payload/云风车.app/login_secure_select@2x.png
copying file ./Payload/云风车.app/LaunchImage-1200-Portrait-1792h@2x.png ... 
2020-03-04 01:54:15 +0000  2035154 bytes for ./Payload/云风车.app/LaunchImage-1200-Portrait-1792h@2x.png
copying file ./Payload/云风车.app/sr_refresh@2X.png ... 
2020-03-04 01:54:15 +0000  1101 bytes for ./Payload/云风车.app/sr_refresh@2X.png
copying file ./Payload/云风车.app/course_vip@2x.png ... 
1346 bytes for ./Payload/云风车.app/course_vip@2x.png
copying file ./Payload/云风车.app/placeholder.jpeg ... 
4114 bytes for ./Payload/云风车.app/placeholder.jpeg
copying file ./Payload/云风车.app/AppIcon29x29@2x~ipad.png ... 
5890 bytes for ./Payload/云风车.app/AppIcon29x29@2x~ipad.png
copying file ./Payload/云风车.app/QWError.plist ... 
1006 bytes for ./Payload/云风车.app/QWError.plist
copying file ./Payload/云风车.app/4_1366x768.jpeg ... 
2020-03-04 01:54:15 +0000  220777 bytes for ./Payload/云风车.app/4_1366x768.jpeg
copying file ./Payload/云风车.app/AppIcon40x40~ipad.png ... 
2020-03-04 01:54:15 +0000  3778 bytes for ./Payload/云风车.app/AppIcon40x40~ipad.png
copying file ./Payload/云风车.app/AppIcon20x20~ipad.png ... 
2020-03-04 01:54:15 +0000  2059 bytes for ./Payload/云风车.app/AppIcon20x20~ipad.png
copying file ./Payload/云风车.app/back_whiter_icon@2x.png ... 
513 bytes for ./Payload/云风车.app/back_whiter_icon@2x.png
copying file ./Payload/云风车.app/embedded.mobileprovision ... 
2020-03-04 01:54:15 +0000  8073 bytes for ./Payload/云风车.app/embedded.mobileprovision
2020-03-04 01:54:15 +0000  copying file ./Payload/云风车.app/SVProgressHUD.bundle/error@2x.png ... 
739 bytes for ./Payload/云风车.app/SVProgressHUD.bundle/error@2x.png
copying file ./Payload/云风车.app/SVProgressHUD.bundle/success@2x.png ... 
2020-03-04 01:54:15 +0000  872 bytes for ./Payload/云风车.app/SVProgressHUD.bundle/success@2x.png
copying file ./Payload/云风车.app/SVProgressHUD.bundle/error.png ... 
371 bytes for ./Payload/云风车.app/SVProgressHUD.bundle/error.png
copying file ./Payload/云风车.app/SVProgressHUD.bundle/success.png ... 
2020-03-04 01:54:15 +0000  508 bytes for ./Payload/云风车.app/SVProgressHUD.bundle/success.png
copying file ./Payload/云风车.app/login_secure_normal@2x.png ... 
2020-03-04 01:54:15 +0000  1075 bytes for ./Payload/云风车.app/login_secure_normal@2x.png
copying file ./Payload/云风车.app/AppIcon20x20@2x~ipad.png ... 
3778 bytes for ./Payload/云风车.app/AppIcon20x20@2x~ipad.png
copying file ./Payload/云风车.app/Info.plist ... 
2020-03-04 01:54:15 +0000  3289 bytes for ./Payload/云风车.app/Info.plist
copying file ./Payload/云风车.app/PkgInfo ... 
2020-03-04 01:54:15 +0000  8 bytes for ./Payload/云风车.app/PkgInfo
copying file ./Payload/云风车.app/bottom_play@2x.png ... 
2020-03-04 01:54:15 +0000  4859 bytes for ./Payload/云风车.app/bottom_play@2x.png
copying file ./Payload/云风车.app/AppIcon76x76~ipad.png ... 
2020-03-04 01:54:15 +0000  8655 bytes for ./Payload/云风车.app/AppIcon76x76~ipad.png
copying file ./Payload/云风车.app/DDLogDetailViewController.nib/objects-13.0+.nib ... 
2020-03-04 01:54:15 +0000  4057 bytes for ./Payload/云风车.app/DDLogDetailViewController.nib/objects-13.0+.nib
copying file ./Payload/云风车.app/DDLogDetailViewController.nib/runtime.nib ... 
2020-03-04 01:54:15 +0000  4057 bytes for ./Payload/云风车.app/DDLogDetailViewController.nib/runtime.nib
2020-03-04 01:54:15 +0000  /usr/bin/ditto exited with 0
2020-03-04 01:54:15 +0000  Processing step: IDEDistributionAppStoreInformationStep
2020-03-04 01:54:15 +0000  Skipping step: IDEDistributionAppStoreInformationStep because it said so
2020-03-04 01:54:15 +0000  Processing step: IDEDistributionGenerateProcessedDistributionItems
2020-03-04 01:54:15 +0000  Processing step: IDEDistributionCreateManifestStep
